{"/home/travis/build/kaizhu256/node-swgg-github-all/test.js":{"path":"/home/travis/build/kaizhu256/node-swgg-github-all/test.js","s":{"1":1,"2":1,"3":1,"4":1,"5":1,"6":1,"7":1,"8":1,"9":1,"10":1,"11":1,"12":1,"13":1,"14":2,"15":2,"16":1938,"17":1938,"18":2338,"19":1938,"20":1938,"21":2,"22":2,"23":2,"24":0,"25":0,"26":2,"27":2,"28":2,"29":2,"30":2,"31":2,"32":2,"33":188,"34":2,"35":32,"36":2,"37":30,"38":30,"39":30,"40":30,"41":136,"42":136,"43":2,"44":2,"45":2,"46":186,"47":186,"48":186,"49":186,"50":186,"51":18,"52":168,"53":168,"54":168,"55":456,"56":456,"57":456,"58":364,"59":364,"60":168,"61":168,"62":168,"63":168,"64":18,"65":168,"66":168,"67":168,"68":1244,"69":168,"70":168,"71":144,"72":144,"73":140,"74":168,"75":168,"76":1244,"77":1244,"78":346,"79":898,"80":898,"81":898,"82":898,"83":894,"84":898,"85":898,"86":898,"87":158,"88":158,"89":158,"90":898,"91":898,"92":898,"93":898,"94":914,"95":914,"96":898,"97":16,"98":16,"99":898,"100":898,"101":898,"102":898,"103":898,"104":898,"105":898,"106":898,"107":872,"108":872,"109":872,"110":218,"111":218,"112":872,"113":76,"114":2,"115":74,"116":74,"117":2,"118":2,"119":74,"120":74,"121":320,"122":320,"123":320,"124":8,"125":320,"126":306,"127":74,"128":70,"129":872,"130":872,"131":872,"132":22,"133":872,"134":5110,"135":82,"136":82,"137":82,"138":790,"139":368,"140":368,"141":422,"142":422,"143":422,"144":116,"145":116,"146":2,"147":572,"148":898,"149":898,"150":898,"151":4938,"152":2,"153":4936,"154":4936,"155":2,"156":76,"157":32,"158":32,"159":32,"160":222,"161":168,"162":32,"163":2,"164":6,"165":2,"166":2,"167":2},"b":{"1":[1,0,0,0],"2":[1,1,1,1],"3":[0,1],"4":[1,1],"5":[2,2],"6":[0,2],"7":[2,186],"8":[2,30],"9":[18,168],"10":[364,92],"11":[168,1076],"12":[140,4],"13":[168,26],"14":[346,898],"15":[894,4],"16":[898,16],"17":[872,474,384],"18":[872,870],"19":[218,12],"20":[2,74],"21":[2,72],"22":[8,312],"23":[306,14],"24":[70,4],"25":[22,850],"26":[14,8],"27":[82,790],"28":[82,5028],"29":[44,38],"30":[82,40],"31":[368,422],"32":[422,82],"33":[116,306],"34":[116,82],"35":[2,4936],"36":[4938,3142],"37":[44,32],"38":[36,186],"39":[12,174],"40":[114,60]},"f":{"1":1,"2":1,"3":1,"4":1,"5":2,"6":1938,"7":2338,"8":188,"9":32,"10":136,"11":456,"12":18,"13":1244,"14":144,"15":158,"16":872,"17":218,"18":76,"19":320,"20":872,"21":5110,"22":572,"23":898,"24":4938,"25":76,"26":32,"27":222,"28":168,"29":6},"fnMap":{"1":{"name":"(anonymous_1)","line":13,"loc":{"start":{"line":13,"column":1},"end":{"line":13,"column":13}}},"2":{"name":"(anonymous_2)","line":20,"loc":{"start":{"line":20,"column":5},"end":{"line":20,"column":17}}},"3":{"name":"(anonymous_3)","line":24,"loc":{"start":{"line":24,"column":24},"end":{"line":24,"column":36}}},"4":{"name":"(anonymous_4)","line":51,"loc":{"start":{"line":51,"column":5},"end":{"line":51,"column":17}}},"5":{"name":"(anonymous_5)","line":53,"loc":{"start":{"line":53,"column":45},"end":{"line":53,"column":73}}},"6":{"name":"(anonymous_6)","line":73,"loc":{"start":{"line":73,"column":32},"end":{"line":73,"column":51}}},"7":{"name":"(anonymous_7)","line":82,"loc":{"start":{"line":82,"column":61},"end":{"line":82,"column":79}}},"8":{"name":"(anonymous_8)","line":185,"loc":{"start":{"line":185,"column":62},"end":{"line":185,"column":86}}},"9":{"name":"(anonymous_9)","line":191,"loc":{"start":{"line":191,"column":23},"end":{"line":191,"column":63}}},"10":{"name":"(anonymous_10)","line":200,"loc":{"start":{"line":200,"column":66},"end":{"line":200,"column":92}}},"11":{"name":"(anonymous_11)","line":236,"loc":{"start":{"line":236,"column":71},"end":{"line":236,"column":89}}},"12":{"name":"(anonymous_12)","line":248,"loc":{"start":{"line":248,"column":79},"end":{"line":248,"column":97}}},"13":{"name":"(anonymous_13)","line":255,"loc":{"start":{"line":255,"column":51},"end":{"line":255,"column":80}}},"14":{"name":"(anonymous_14)","line":261,"loc":{"start":{"line":261,"column":27},"end":{"line":261,"column":53}}},"15":{"name":"(anonymous_15)","line":293,"loc":{"start":{"line":293,"column":23},"end":{"line":293,"column":49}}},"16":{"name":"(anonymous_16)","line":338,"loc":{"start":{"line":338,"column":44},"end":{"line":338,"column":88}}},"17":{"name":"(anonymous_17)","line":357,"loc":{"start":{"line":357,"column":27},"end":{"line":357,"column":53}}},"18":{"name":"(anonymous_18)","line":365,"loc":{"start":{"line":365,"column":27},"end":{"line":365,"column":53}}},"19":{"name":"(anonymous_19)","line":377,"loc":{"start":{"line":377,"column":31},"end":{"line":377,"column":57}}},"20":{"name":"(anonymous_20)","line":391,"loc":{"start":{"line":391,"column":46},"end":{"line":391,"column":58}}},"21":{"name":"(anonymous_21)","line":400,"loc":{"start":{"line":400,"column":54},"end":{"line":400,"column":73}}},"22":{"name":"(anonymous_22)","line":434,"loc":{"start":{"line":434,"column":51},"end":{"line":434,"column":67}}},"23":{"name":"(anonymous_23)","line":435,"loc":{"start":{"line":435,"column":61},"end":{"line":435,"column":79}}},"24":{"name":"(anonymous_24)","line":439,"loc":{"start":{"line":439,"column":71},"end":{"line":439,"column":90}}},"25":{"name":"(anonymous_25)","line":450,"loc":{"start":{"line":450,"column":22},"end":{"line":450,"column":40}}},"26":{"name":"(anonymous_26)","line":455,"loc":{"start":{"line":455,"column":21},"end":{"line":455,"column":36}}},"27":{"name":"(anonymous_27)","line":461,"loc":{"start":{"line":461,"column":34},"end":{"line":461,"column":52}}},"28":{"name":"(anonymous_28)","line":470,"loc":{"start":{"line":470,"column":33},"end":{"line":470,"column":48}}},"29":{"name":"(anonymous_29)","line":484,"loc":{"start":{"line":484,"column":22},"end":{"line":484,"column":37}}}},"statementMap":{"1":{"start":{"line":13,"column":0},"end":{"line":497,"column":5}},"2":{"start":{"line":15,"column":4},"end":{"line":15,"column":14}},"3":{"start":{"line":20,"column":4},"end":{"line":46,"column":9}},"4":{"start":{"line":22,"column":8},"end":{"line":22,"column":19}},"5":{"start":{"line":24,"column":8},"end":{"line":36,"column":13}},"6":{"start":{"line":25,"column":12},"end":{"line":35,"column":13}},"7":{"start":{"line":26,"column":16},"end":{"line":29,"column":30}},"8":{"start":{"line":31,"column":16},"end":{"line":34,"column":27}},"9":{"start":{"line":38,"column":8},"end":{"line":40,"column":21}},"10":{"start":{"line":42,"column":8},"end":{"line":43,"column":68}},"11":{"start":{"line":45,"column":8},"end":{"line":45,"column":33}},"12":{"start":{"line":51,"column":4},"end":{"line":496,"column":9}},"13":{"start":{"line":53,"column":8},"end":{"line":495,"column":10}},"14":{"start":{"line":57,"column":12},"end":{"line":72,"column":20}},"15":{"start":{"line":73,"column":12},"end":{"line":118,"column":14}},"16":{"start":{"line":77,"column":16},"end":{"line":77,"column":25}},"17":{"start":{"line":78,"column":16},"end":{"line":112,"column":28}},"18":{"start":{"line":83,"column":24},"end":{"line":88,"column":63}},"19":{"start":{"line":113,"column":16},"end":{"line":116,"column":18}},"20":{"start":{"line":117,"column":16},"end":{"line":117,"column":40}},"21":{"start":{"line":120,"column":12},"end":{"line":120,"column":36}},"22":{"start":{"line":121,"column":12},"end":{"line":121,"column":73}},"23":{"start":{"line":122,"column":12},"end":{"line":125,"column":13}},"24":{"start":{"line":123,"column":16},"end":{"line":123,"column":39}},"25":{"start":{"line":124,"column":16},"end":{"line":124,"column":23}},"26":{"start":{"line":127,"column":12},"end":{"line":127,"column":61}},"27":{"start":{"line":129,"column":12},"end":{"line":129,"column":29}},"28":{"start":{"line":131,"column":0},"end":{"line":177,"column":1}},"29":{"start":{"line":179,"column":12},"end":{"line":179,"column":33}},"30":{"start":{"line":180,"column":12},"end":{"line":180,"column":25}},"31":{"start":{"line":181,"column":12},"end":{"line":184,"column":14}},"32":{"start":{"line":185,"column":12},"end":{"line":433,"column":15}},"33":{"start":{"line":186,"column":16},"end":{"line":211,"column":17}},"34":{"start":{"line":187,"column":20},"end":{"line":204,"column":23}},"35":{"start":{"line":192,"column":24},"end":{"line":194,"column":25}},"36":{"start":{"line":193,"column":28},"end":{"line":193,"column":35}},"37":{"start":{"line":195,"column":24},"end":{"line":195,"column":65}},"38":{"start":{"line":196,"column":24},"end":{"line":198,"column":26}},"39":{"start":{"line":199,"column":24},"end":{"line":199,"column":43}},"40":{"start":{"line":200,"column":24},"end":{"line":203,"column":27}},"41":{"start":{"line":201,"column":28},"end":{"line":201,"column":78}},"42":{"start":{"line":202,"column":28},"end":{"line":202,"column":50}},"43":{"start":{"line":206,"column":20},"end":{"line":206,"column":59}},"44":{"start":{"line":207,"column":20},"end":{"line":209,"column":22}},"45":{"start":{"line":210,"column":20},"end":{"line":210,"column":27}},"46":{"start":{"line":212,"column":16},"end":{"line":212,"column":67}},"47":{"start":{"line":213,"column":16},"end":{"line":213,"column":90}},"48":{"start":{"line":215,"column":16},"end":{"line":215,"column":66}},"49":{"start":{"line":216,"column":16},"end":{"line":216,"column":42}},"50":{"start":{"line":217,"column":16},"end":{"line":219,"column":17}},"51":{"start":{"line":218,"column":20},"end":{"line":218,"column":27}},"52":{"start":{"line":221,"column":16},"end":{"line":233,"column":18}},"53":{"start":{"line":235,"column":16},"end":{"line":235,"column":43}},"54":{"start":{"line":236,"column":16},"end":{"line":243,"column":19}},"55":{"start":{"line":237,"column":20},"end":{"line":237,"column":68}},"56":{"start":{"line":238,"column":20},"end":{"line":238,"column":57}},"57":{"start":{"line":239,"column":20},"end":{"line":242,"column":21}},"58":{"start":{"line":240,"column":24},"end":{"line":240,"column":60}},"59":{"start":{"line":241,"column":24},"end":{"line":241,"column":57}},"60":{"start":{"line":244,"column":16},"end":{"line":244,"column":79}},"61":{"start":{"line":245,"column":16},"end":{"line":245,"column":75}},"62":{"start":{"line":247,"column":16},"end":{"line":247,"column":42}},"63":{"start":{"line":248,"column":16},"end":{"line":250,"column":19}},"64":{"start":{"line":249,"column":20},"end":{"line":249,"column":60}},"65":{"start":{"line":252,"column":16},"end":{"line":252,"column":62}},"66":{"start":{"line":254,"column":16},"end":{"line":254,"column":48}},"67":{"start":{"line":255,"column":16},"end":{"line":432,"column":19}},"68":{"start":{"line":256,"column":20},"end":{"line":275,"column":21}},"69":{"start":{"line":258,"column":24},"end":{"line":258,"column":33}},"70":{"start":{"line":259,"column":24},"end":{"line":266,"column":27}},"71":{"start":{"line":262,"column":28},"end":{"line":262,"column":44}},"72":{"start":{"line":263,"column":28},"end":{"line":265,"column":29}},"73":{"start":{"line":264,"column":32},"end":{"line":264,"column":46}},"74":{"start":{"line":267,"column":24},"end":{"line":267,"column":52}},"75":{"start":{"line":268,"column":24},"end":{"line":274,"column":27}},"76":{"start":{"line":276,"column":20},"end":{"line":277,"column":96}},"77":{"start":{"line":278,"column":20},"end":{"line":280,"column":21}},"78":{"start":{"line":279,"column":24},"end":{"line":279,"column":31}},"79":{"start":{"line":282,"column":20},"end":{"line":282,"column":44}},"80":{"start":{"line":283,"column":20},"end":{"line":283,"column":45}},"81":{"start":{"line":284,"column":20},"end":{"line":284,"column":74}},"82":{"start":{"line":285,"column":20},"end":{"line":287,"column":21}},"83":{"start":{"line":286,"column":24},"end":{"line":286,"column":77}},"84":{"start":{"line":288,"column":20},"end":{"line":288,"column":54}},"85":{"start":{"line":290,"column":20},"end":{"line":290,"column":40}},"86":{"start":{"line":291,"column":20},"end":{"line":297,"column":23}},"87":{"start":{"line":294,"column":24},"end":{"line":294,"column":40}},"88":{"start":{"line":295,"column":24},"end":{"line":295,"column":92}},"89":{"start":{"line":296,"column":24},"end":{"line":296,"column":74}},"90":{"start":{"line":299,"column":20},"end":{"line":299,"column":35}},"91":{"start":{"line":301,"column":20},"end":{"line":305,"column":23}},"92":{"start":{"line":307,"column":20},"end":{"line":307,"column":28}},"93":{"start":{"line":308,"column":20},"end":{"line":315,"column":21}},"94":{"start":{"line":309,"column":24},"end":{"line":309,"column":83}},"95":{"start":{"line":310,"column":24},"end":{"line":312,"column":25}},"96":{"start":{"line":311,"column":28},"end":{"line":311,"column":34}},"97":{"start":{"line":313,"column":24},"end":{"line":313,"column":33}},"98":{"start":{"line":314,"column":24},"end":{"line":314,"column":88}},"99":{"start":{"line":316,"column":20},"end":{"line":316,"column":66}},"100":{"start":{"line":318,"column":20},"end":{"line":318,"column":68}},"101":{"start":{"line":319,"column":20},"end":{"line":319,"column":64}},"102":{"start":{"line":320,"column":20},"end":{"line":324,"column":34}},"103":{"start":{"line":326,"column":20},"end":{"line":330,"column":70}},"104":{"start":{"line":331,"column":20},"end":{"line":331,"column":95}},"105":{"start":{"line":333,"column":20},"end":{"line":333,"column":90}},"106":{"start":{"line":334,"column":20},"end":{"line":431,"column":23}},"107":{"start":{"line":339,"column":24},"end":{"line":339,"column":50}},"108":{"start":{"line":341,"column":24},"end":{"line":353,"column":26}},"109":{"start":{"line":355,"column":24},"end":{"line":361,"column":27}},"110":{"start":{"line":358,"column":28},"end":{"line":358,"column":44}},"111":{"start":{"line":359,"column":28},"end":{"line":360,"column":48}},"112":{"start":{"line":363,"column":24},"end":{"line":390,"column":27}},"113":{"start":{"line":366,"column":28},"end":{"line":368,"column":29}},"114":{"start":{"line":367,"column":32},"end":{"line":367,"column":39}},"115":{"start":{"line":369,"column":28},"end":{"line":369,"column":44}},"116":{"start":{"line":370,"column":28},"end":{"line":373,"column":29}},"117":{"start":{"line":371,"column":32},"end":{"line":371,"column":67}},"118":{"start":{"line":372,"column":32},"end":{"line":372,"column":55}},"119":{"start":{"line":374,"column":28},"end":{"line":374,"column":46}},"120":{"start":{"line":375,"column":28},"end":{"line":386,"column":31}},"121":{"start":{"line":378,"column":32},"end":{"line":378,"column":48}},"122":{"start":{"line":379,"column":32},"end":{"line":379,"column":79}},"123":{"start":{"line":380,"column":32},"end":{"line":382,"column":33}},"124":{"start":{"line":381,"column":36},"end":{"line":381,"column":61}},"125":{"start":{"line":383,"column":32},"end":{"line":385,"column":33}},"126":{"start":{"line":384,"column":36},"end":{"line":384,"column":64}},"127":{"start":{"line":387,"column":28},"end":{"line":389,"column":29}},"128":{"start":{"line":388,"column":32},"end":{"line":388,"column":73}},"129":{"start":{"line":391,"column":24},"end":{"line":393,"column":38}},"130":{"start":{"line":392,"column":28},"end":{"line":392,"column":74}},"131":{"start":{"line":394,"column":24},"end":{"line":398,"column":25}},"132":{"start":{"line":395,"column":28},"end":{"line":397,"column":45}},"133":{"start":{"line":400,"column":24},"end":{"line":414,"column":25}},"134":{"start":{"line":401,"column":32},"end":{"line":411,"column":33}},"135":{"start":{"line":402,"column":36},"end":{"line":409,"column":39}},"136":{"start":{"line":410,"column":36},"end":{"line":410,"column":48}},"137":{"start":{"line":413,"column":28},"end":{"line":413,"column":35}},"138":{"start":{"line":415,"column":24},"end":{"line":418,"column":25}},"139":{"start":{"line":416,"column":28},"end":{"line":416,"column":63}},"140":{"start":{"line":417,"column":28},"end":{"line":417,"column":35}},"141":{"start":{"line":419,"column":24},"end":{"line":419,"column":88}},"142":{"start":{"line":420,"column":24},"end":{"line":426,"column":27}},"143":{"start":{"line":427,"column":24},"end":{"line":430,"column":25}},"144":{"start":{"line":428,"column":28},"end":{"line":428,"column":76}},"145":{"start":{"line":429,"column":28},"end":{"line":429,"column":59}},"146":{"start":{"line":434,"column":12},"end":{"line":447,"column":15}},"147":{"start":{"line":435,"column":16},"end":{"line":446,"column":19}},"148":{"start":{"line":437,"column":20},"end":{"line":437,"column":57}},"149":{"start":{"line":438,"column":20},"end":{"line":438,"column":64}},"150":{"start":{"line":439,"column":20},"end":{"line":445,"column":23}},"151":{"start":{"line":440,"column":24},"end":{"line":442,"column":25}},"152":{"start":{"line":441,"column":28},"end":{"line":441,"column":35}},"153":{"start":{"line":443,"column":24},"end":{"line":443,"column":68}},"154":{"start":{"line":444,"column":24},"end":{"line":444,"column":36}},"155":{"start":{"line":449,"column":12},"end":{"line":478,"column":19}},"156":{"start":{"line":451,"column":20},"end":{"line":453,"column":28}},"157":{"start":{"line":456,"column":20},"end":{"line":456,"column":72}},"158":{"start":{"line":457,"column":20},"end":{"line":457,"column":64}},"159":{"start":{"line":458,"column":20},"end":{"line":473,"column":31}},"160":{"start":{"line":462,"column":32},"end":{"line":468,"column":40}},"161":{"start":{"line":471,"column":32},"end":{"line":471,"column":61}},"162":{"start":{"line":474,"column":20},"end":{"line":477,"column":22}},"163":{"start":{"line":480,"column":12},"end":{"line":486,"column":15}},"164":{"start":{"line":485,"column":16},"end":{"line":485,"column":66}},"165":{"start":{"line":488,"column":12},"end":{"line":488,"column":52}},"166":{"start":{"line":490,"column":12},"end":{"line":493,"column":14}},"167":{"start":{"line":494,"column":12},"end":{"line":494,"column":43}}},"branchMap":{"1":{"line":26,"type":"binary-expr","locations":[{"start":{"line":26,"column":23},"end":{"line":26,"column":62}},{"start":{"line":27,"column":20},"end":{"line":27,"column":70}},{"start":{"line":28,"column":20},"end":{"line":28,"column":71}},{"start":{"line":29,"column":20},"end":{"line":29,"column":29}}]},"2":{"line":31,"type":"binary-expr","locations":[{"start":{"line":31,"column":23},"end":{"line":31,"column":37}},{"start":{"line":32,"column":20},"end":{"line":32,"column":61}},{"start":{"line":33,"column":20},"end":{"line":33,"column":70}},{"start":{"line":34,"column":20},"end":{"line":34,"column":26}}]},"3":{"line":38,"type":"cond-expr","locations":[{"start":{"line":39,"column":14},"end":{"line":39,"column":20}},{"start":{"line":40,"column":14},"end":{"line":40,"column":20}}]},"4":{"line":42,"type":"binary-expr","locations":[{"start":{"line":42,"column":38},"end":{"line":42,"column":59}},{"start":{"line":43,"column":12},"end":{"line":43,"column":50}}]},"5":{"line":120,"type":"binary-expr","locations":[{"start":{"line":120,"column":22},"end":{"line":120,"column":29}},{"start":{"line":120,"column":33},"end":{"line":120,"column":35}}]},"6":{"line":122,"type":"if","locations":[{"start":{"line":122,"column":12},"end":{"line":122,"column":12}},{"start":{"line":122,"column":12},"end":{"line":122,"column":12}}]},"7":{"line":186,"type":"if","locations":[{"start":{"line":186,"column":16},"end":{"line":186,"column":16}},{"start":{"line":186,"column":16},"end":{"line":186,"column":16}}]},"8":{"line":192,"type":"if","locations":[{"start":{"line":192,"column":24},"end":{"line":192,"column":24}},{"start":{"line":192,"column":24},"end":{"line":192,"column":24}}]},"9":{"line":217,"type":"if","locations":[{"start":{"line":217,"column":16},"end":{"line":217,"column":16}},{"start":{"line":217,"column":16},"end":{"line":217,"column":16}}]},"10":{"line":239,"type":"if","locations":[{"start":{"line":239,"column":20},"end":{"line":239,"column":20}},{"start":{"line":239,"column":20},"end":{"line":239,"column":20}}]},"11":{"line":256,"type":"if","locations":[{"start":{"line":256,"column":20},"end":{"line":256,"column":20}},{"start":{"line":256,"column":20},"end":{"line":256,"column":20}}]},"12":{"line":263,"type":"if","locations":[{"start":{"line":263,"column":28},"end":{"line":263,"column":28}},{"start":{"line":263,"column":28},"end":{"line":263,"column":28}}]},"13":{"line":272,"type":"binary-expr","locations":[{"start":{"line":272,"column":33},"end":{"line":272,"column":43}},{"start":{"line":272,"column":47},"end":{"line":272,"column":63}}]},"14":{"line":278,"type":"if","locations":[{"start":{"line":278,"column":20},"end":{"line":278,"column":20}},{"start":{"line":278,"column":20},"end":{"line":278,"column":20}}]},"15":{"line":285,"type":"if","locations":[{"start":{"line":285,"column":20},"end":{"line":285,"column":20}},{"start":{"line":285,"column":20},"end":{"line":285,"column":20}}]},"16":{"line":310,"type":"if","locations":[{"start":{"line":310,"column":24},"end":{"line":310,"column":24}},{"start":{"line":310,"column":24},"end":{"line":310,"column":24}}]},"17":{"line":342,"type":"binary-expr","locations":[{"start":{"line":342,"column":37},"end":{"line":342,"column":47}},{"start":{"line":343,"column":32},"end":{"line":343,"column":59}},{"start":{"line":344,"column":32},"end":{"line":344,"column":67}}]},"18":{"line":348,"type":"binary-expr","locations":[{"start":{"line":348,"column":34},"end":{"line":348,"column":48}},{"start":{"line":348,"column":52},"end":{"line":348,"column":56}}]},"19":{"line":359,"type":"binary-expr","locations":[{"start":{"line":359,"column":46},"end":{"line":359,"column":83}},{"start":{"line":360,"column":32},"end":{"line":360,"column":47}}]},"20":{"line":366,"type":"if","locations":[{"start":{"line":366,"column":28},"end":{"line":366,"column":28}},{"start":{"line":366,"column":28},"end":{"line":366,"column":28}}]},"21":{"line":370,"type":"if","locations":[{"start":{"line":370,"column":28},"end":{"line":370,"column":28}},{"start":{"line":370,"column":28},"end":{"line":370,"column":28}}]},"22":{"line":380,"type":"if","locations":[{"start":{"line":380,"column":32},"end":{"line":380,"column":32}},{"start":{"line":380,"column":32},"end":{"line":380,"column":32}}]},"23":{"line":383,"type":"if","locations":[{"start":{"line":383,"column":32},"end":{"line":383,"column":32}},{"start":{"line":383,"column":32},"end":{"line":383,"column":32}}]},"24":{"line":387,"type":"if","locations":[{"start":{"line":387,"column":28},"end":{"line":387,"column":28}},{"start":{"line":387,"column":28},"end":{"line":387,"column":28}}]},"25":{"line":394,"type":"if","locations":[{"start":{"line":394,"column":24},"end":{"line":394,"column":24}},{"start":{"line":394,"column":24},"end":{"line":394,"column":24}}]},"26":{"line":395,"type":"cond-expr","locations":[{"start":{"line":396,"column":34},"end":{"line":396,"column":59}},{"start":{"line":397,"column":34},"end":{"line":397,"column":42}}]},"27":{"line":400,"type":"if","locations":[{"start":{"line":400,"column":24},"end":{"line":400,"column":24}},{"start":{"line":400,"column":24},"end":{"line":400,"column":24}}]},"28":{"line":401,"type":"if","locations":[{"start":{"line":401,"column":32},"end":{"line":401,"column":32}},{"start":{"line":401,"column":32},"end":{"line":401,"column":32}}]},"29":{"line":403,"type":"cond-expr","locations":[{"start":{"line":404,"column":46},"end":{"line":404,"column":55}},{"start":{"line":405,"column":46},"end":{"line":405,"column":61}}]},"30":{"line":406,"type":"binary-expr","locations":[{"start":{"line":406,"column":50},"end":{"line":406,"column":66}},{"start":{"line":406,"column":70},"end":{"line":406,"column":79}}]},"31":{"line":415,"type":"if","locations":[{"start":{"line":415,"column":24},"end":{"line":415,"column":24}},{"start":{"line":415,"column":24},"end":{"line":415,"column":24}}]},"32":{"line":419,"type":"binary-expr","locations":[{"start":{"line":419,"column":54},"end":{"line":419,"column":81}},{"start":{"line":419,"column":85},"end":{"line":419,"column":87}}]},"33":{"line":427,"type":"if","locations":[{"start":{"line":427,"column":24},"end":{"line":427,"column":24}},{"start":{"line":427,"column":24},"end":{"line":427,"column":24}}]},"34":{"line":428,"type":"binary-expr","locations":[{"start":{"line":428,"column":50},"end":{"line":428,"column":69}},{"start":{"line":428,"column":73},"end":{"line":428,"column":75}}]},"35":{"line":440,"type":"if","locations":[{"start":{"line":440,"column":24},"end":{"line":440,"column":24}},{"start":{"line":440,"column":24},"end":{"line":440,"column":24}}]},"36":{"line":440,"type":"binary-expr","locations":[{"start":{"line":440,"column":28},"end":{"line":440,"column":40}},{"start":{"line":440,"column":44},"end":{"line":440,"column":80}}]},"37":{"line":451,"type":"cond-expr","locations":[{"start":{"line":452,"column":26},"end":{"line":452,"column":28}},{"start":{"line":453,"column":26},"end":{"line":453,"column":27}}]},"38":{"line":462,"type":"cond-expr","locations":[{"start":{"line":463,"column":38},"end":{"line":463,"column":40}},{"start":{"line":464,"column":38},"end":{"line":468,"column":39}}]},"39":{"line":464,"type":"cond-expr","locations":[{"start":{"line":465,"column":38},"end":{"line":465,"column":39}},{"start":{"line":466,"column":38},"end":{"line":468,"column":39}}]},"40":{"line":466,"type":"cond-expr","locations":[{"start":{"line":467,"column":38},"end":{"line":467,"column":40}},{"start":{"line":468,"column":38},"end":{"line":468,"column":39}}]}},"code":["/* istanbul instrument in package swgg_github_all */","/* jslint-utility2 */","/*jslint","    bitwise: true,","    browser: true,","    maxerr: 4,","    maxlen: 100,","    node: true,","    nomen: true,","    regexp: true,","    stupid: true","*/","(function () {","    'use strict';","    var local;","","","","    // run shared js-env code - init-before","    (function () {","        // init local","        local = {};","        // init modeJs","        local.modeJs = (function () {","            try {","                return typeof navigator.userAgent === 'string' &&","                    typeof document.querySelector('body') === 'object' &&","                    typeof XMLHttpRequest.prototype.open === 'function' &&","                    'browser';","            } catch (errorCaughtBrowser) {","                return module.exports &&","                    typeof process.versions.node === 'string' &&","                    typeof require('http').createServer === 'function' &&","                    'node';","            }","        }());","        // init global","        local.global = local.modeJs === 'browser'","            ? window","            : global;","        // re-init local","        local = local.global.local = (local.global.utility2 ||","            require('./assets.utility2.rollup.js')).requireReadme();","        // init test","        local.testRunInit(local);","    }());","","","","    // run shared js-env code - function","    (function () {","        /* istanbul-ignore-next */","        local.testCase_buildReadme_default = function (options, onError) {","        /*","         * this function will test buildReadme's default handling-behavior","         */","            var definition,","                descriptionMediaType,","                htmlToDescription,","                operation,","                operationIdDict,","                schemaPMediaType,","                stringUniqueKey,","                swaggerJson,","                tagDict,","                textAll,","                title,","                typeDict,","                tagMain,","                tagSub,","                tmp,","                url;","            htmlToDescription = function (options) {","            /*","             * this function will format options.html to swagger markdown-description","             */","                var text;","                text = options.html","                    // format whitespace","                    .replace((/<pre\\b.*?><code>([\\S\\s]*?)<\\/code><\\/pre>/g), '<pre>$1</pre>')","                    .replace((/<code>([\\S\\s]*?)<\\/code>/g), '<pre>$1</pre>')","                    .replace((/<pre\\b.*?>[\\S\\s]*?<\\/pre>/g), function (match0) {","                        return ('```' + match0","                            .replace((/<[\\S\\s]*?>/g), '')","                            .trim()","                            .replace((/^\"([\\S\\s]+?)\"$/), '$1') + '```')","                            .replace((/^```([\\S\\s]*?\\n[\\S\\s]*?)```$/g), '\\n```\\n$1\\n```\\n')","                            .replace((/\\n/g), stringUniqueKey);","                    })","                    .replace((/\\n+/g), ' ')","                    .replace((/<(?:dt|li)>(.*?<\\/(?:dt|li)>)/g), '\\n- $1')","                    .replace((/<\\/dt>[\\S\\s]*?<dd>/g), ' - ')","                    .replace((/<h.>/g), '\\n\\n#### ')","                    .replace((/<p>/g), '\\n\\n')","                    .replace((/<(?:br|pre)>/g), '\\n')","                    // bug-workaround - format application/vnd.xxx","                    .replace((/```(application\\/.*?)```/g), '\\n```\\n$1\\n```\\n')","                    // format <a>","                    .replace((/<a href=\"\\//g), '<a href=\"https://developer.github.com/')","                    .replace((/<a href=\"#/g), '<a href=\"' + options.url + '#')","                    .replace((/<a href=\"(.*?)\".*?>(.*?)<\\/a>/g), '[$2]($1)')","                    // format <xxx>","                    .replace((/<(?:b|strong)>(.*?)<\\/(?:b|strong)>/g), '**$1**')","                    .replace(new RegExp('<\\\\/?(?:' +","                        'a|dd|div|dl|em|h.|img|li|p|pre|select|span|t\\\\w*?|ul' +","                        ')\\\\b[^<>]*?>', 'g'), '')","                    // format whitespace","                    .replace((/^ +/gm), '')","                    .replace((/\\n{3,}/g), '\\n\\n')","                    .replace(new RegExp(stringUniqueKey, 'g'), '\\n')","                    .replace((/ +$/gm), '')","                    .trim();","                local.assert(","                    text.indexOf('<') < 0,","                    [url, local.stringTruncate(text.replace((/[\\S\\s]*?</), '<'), 100)]","                );","                return text.split('\\n');","            };","            // init options","            options = options || {};","            textAll = local.tryCatchReadFile('.apidoc.raw.html', 'utf8');","            if (!textAll) {","                onError(null, options);","                return;","            }","            // init stringUniqueKey","            stringUniqueKey = local.stringUniqueKey(textAll);","            // init swaggerJson","            swaggerJson = {};","/* jslint-ignore-begin */","swaggerJson =","{","    \"basePath\": \"/\",","    \"definitions\": {},","    \"info\": {","        \"title\": \"\",","        \"version\": \"\"","    },","    \"parameters\": {","        \"github-all.key\": {","            \"default\": \"xxxxxxxx\",","            \"in\": \"query\",","            \"name\": \"access_token\",","            \"type\": \"string\",","            \"x-swgg-apiKey\": true,","            \"x-swgg-descriptionLineList\": [","                \"https://developer.github.com/v3/#authentication\",","                \"\",","                \"OAuth2 token (sent as a parameter)\",","            ]","        },","        \"github-all.user-agent\": {","            \"default\": \"Awesome-Octocat-App\",","            \"description\": \"user-agent header\",","            \"in\": \"header\",","            \"name\": \"user-agent\",","            \"required\": true,","            \"type\": \"string\",","            \"x-swgg-descriptionLineList\": [","                \"https://developer.github.com/v3/index.html#user-agent-required\",","                \"\",","                \"All API requests MUST include a valid ```User-Agent``` header. Requests with no ```User-Agent``` header will be rejected. We request that you use your GitHub username, or the name of your application, for the ```User-Agent``` header value. This allows us to contact you if there are problems.\"","            ]","        }","    },","    \"paths\": {},","    \"schemes\": [","        \"https\"","    ],","    \"swagger\": \"2.0\",","    \"tags\": [],","    \"x-swgg-corsForwardProxyHost\": \"disabled\",","    \"x-swgg-fixErrorSemanticUniquePath\": true,","    \"x-swgg-operationIdFromPath\": true,","    \"x-swgg-tags0-override\": {}","}",";","/* jslint-ignore-end */","            operationIdDict = {};","            tagDict = {};","            typeDict = {","                type: 'string',","                url: 'string'","            };","            textAll.split('\\n</html>\\n').slice(0, -1).forEach(function (textPage, ii) {","                if (ii === 0) {","                    textPage.replace(new RegExp(","                        ' data-proofer-ignore><\\\\/a><a href=\"(.*?)\">(.*?)<\\\\/a><\\\\/h3>\\\\n' +","                            '([\\\\S\\\\s]*?)<\\\\/ul>',","                        'g'","                    ), function (tag, pathname, title, match2) {","                        if (title === 'Overview') {","                            return;","                        }","                        tag = 'github-' + pathname.split('/')[2];","                        swaggerJson['x-swgg-tags0-override'][tag] = {","                            'x-swgg-descriptionLineList': {}","                        };","                        tagDict[tag] = tag;","                        match2.replace((/href=\"\\/v3\\/(.*?)\\/\"/g), function (match0, match1) {","                            match0 = 'github-' + match1.replace((/\\//g), '-');","                            tagDict[match0] = tag;","                        });","                    });","                    // bug-workaround - hard-code tagDict.scim","                    tagDict['github-scim'] = 'github-scim';","                    swaggerJson['x-swgg-tags0-override']['github-scim'] = {","                        'x-swgg-descriptionLineList': {}","                    };","                    return;","                }","                textPage = textPage.trim().replace((/\\s+$/gm), '');","                tmp = (/^(developer.github.com\\/v3\\/(.*?))\\/index.html\\n/).exec(textPage);","                // init tagMain","                tagSub = 'github-' + tmp[2].replace((/\\//g), '-');","                tagMain = tagDict[tagSub];","                if (!tagMain) {","                    return;","                }","                // init schemaPMediaType","                schemaPMediaType = {","                    collectionFormat: 'csv',","                    in: 'header',","                    items: { type: 'string' },","                    name: 'accept',","                    type: 'array',","                    'x-swgg-descriptionLineList': [","                        'https://developer.github.com/v3/media/',","                        ''","                        /* jslint-ignore-next-line */","                        , \"Custom media types are used in the API to let consumers choose the format of the data they wish to receive. This is done by adding one or more of the following types to the ```Accept``` header when you make a request. Media types are specific to resources, allowing them to change independently and support formats that other resources don't.\"","                    ]","                };","                // init schemaPMediaType.enum","                schemaPMediaType.enum = {};","                textPage.replace((/\\bapplication\\/vnd\\.[\\w\\+\\-\\.]+/g), function (match0) {","                    match0 = match0.trim().replace('VERSION', 'v3');","                    schemaPMediaType.enum[match0] = true;","                    if (match0.indexOf('preview') >= 0) {","                        schemaPMediaType.default = [match0];","                        schemaPMediaType.required = true;","                    }","                });","                schemaPMediaType.enum['application/vnd.github.v3+json'] = true;","                schemaPMediaType.enum = Object.keys(schemaPMediaType.enum);","                // init descriptionMediaType","                descriptionMediaType = '';","                textPage.replace((/<\\/a>Custom media types<[\\S\\s]*?<\\/code>/), function (match0) {","                    descriptionMediaType = '\\n<p>' + match0;","                });","                // init title","                title = (/<title>(.*?) \\|/).exec(textPage)[1];","                // init url","                url = 'https://' + tmp[1] + '/';","                textPage.split('\\n<h2>\\n').forEach(function (textOperation, ii) {","                    if (ii === 0) {","                        // init tag.description","                        tmp = '';","                        textOperation.replace((","                            /(\\n<p>[\\S\\s]*?)(?:$|<option |<pre><code>[A-Z]+ \\/)/","                        ), function (match0, match1) {","                            match0 = match1;","                            if ((/[^\\s<>]<|>[^\\s<>]/).test(match0)) {","                                tmp += match0;","                            }","                        });","                        tmp += descriptionMediaType;","                        swaggerJson['x-swgg-tags0-override'][tagMain][","                            'x-swgg-descriptionLineList'","                        ][tagSub] = htmlToDescription({","                            html: '# [' + title + '](' + url + ')\\n<p>' +","                                (tmp.trim() || 'no description'),","                            url: url","                        });","                    }","                    tmp = new RegExp('href=\"(#.*?)\" .*?<\\\\/a>(.*?)<.*?\\\\n([\\\\S\\\\s]*?)' +","                        '<pre><code>([A-Z]+?) +([\\\\w&\\\\-.\\\\/:;=\\\\?]+?)\\\\n').exec(textOperation);","                    if (!tmp) {","                        return;","                    }","                    // init options","                    options.method = tmp[4];","                    options.tags = [tagMain];","                    options.url = tmp[5].replace((/:([\\w\\-]+)/g), '{$1}');","                    if (options.url[0] === '/') {","                        options.url = 'https://api.github.com' + options.url;","                    }","                    options['x-swgg-tags0'] = tagMain;","                    // init options.data","                    options.data = null;","                    textOperation.replace((","                        /<code><span class=\"p\">(\\{[\\S\\s]+?)<\\/code>[\\S\\s]*?<\\/a>Response<\\/h3>\\n/","                    ), function (match0, match1) {","                        match0 = match1;","                        match0 = match0.replace((/<.*?>/g), '').trim().replace((/'$/g), '');","                        options.data = JSON.stringify(JSON.parse(match0));","                    });","                    // init operation","                    operation = {};","                    // init operation.description","                    operation['x-swgg-descriptionLineList'] = htmlToDescription({","                        html: '[' + title + '](' + url + tmp[1] + ') - ' + tmp[2] + '\\n<p>' +","                            tmp[3],","                        url: url","                    });","                    // init operation.operationId","                    tmp = 0;","                    while (true) {","                        operation.operationId = local.operationIdFromAjax(options);","                        if (!operationIdDict[operation.operationId]) {","                            break;","                        }","                        tmp += 1;","                        options.url = (options.url + '#').replace((/#.*$/g), '#' + tmp);","                    }","                    operationIdDict[operation.operationId] = true;","                    // init operation from ajax","                    local.swaggerJsonFromAjax(swaggerJson, options);","                    tmp = local.urlParseWithBraket(options.url);","                    operation = local.objectSetDefault(swaggerJson.paths[","                        tmp.pathname + tmp.hash","                    ][","                        options.method.toLowerCase()","                    ], operation);","                    // init operation.parameters","                    operation.parameters = [{","                        \"$ref\": \"#/parameters/github-all.key\"","                    }, {","                        \"$ref\": \"#/parameters/github-all.user-agent\"","                    }, schemaPMediaType].concat(operation.parameters);","                    operation['x-swgg-sortValue'] = operation['x-swgg-descriptionLineList'][0];","                    // init definition","                    definition = swaggerJson.definitions[operation.operationId + '.body'];","                    textOperation.split('\\n</table>\\n')[0].replace(new RegExp('<tr>\\\\n' +","                        '<td><code>(.*?)<\\\\/code><\\\\/td>\\\\n' +","                        '<td><code>(.*?)<\\\\/code><\\\\/td>\\\\n' +","                        '<td>([\\\\S\\\\s]*?)<\\\\/td>\\\\n' +","                        '<\\\\/tr>\\\\n', 'g'), function (schemaP, name, type, description) {","                        type = type.toLowerCase();","                        // init schemaP","                        schemaP = {","                            default: definition &&","                                definition.properties[name] &&","                                definition.properties[name].default,","                            in: 'query',","                            name: name,","                            required: description.indexOf('<strong>Required</strong>') > 0,","                            type: typeDict[type] || type,","                            'x-swgg-descriptionLineList': htmlToDescription({","                                html: description,","                                url: url","                            })","                        };","                        // init default","                        description.replace((","                            / Default:.*?<code>(.*?)<\\/code>/","                        ), function (match0, match1) {","                            match0 = match1;","                            schemaP.default = match0.trim().replace((/^\"|\"$/g), '') ||","                                schemaP.default;","                        });","                        // init enum","                        description.replace((","                            /(Comma-separated list of values)|Can be one of/","                        ), function (match0, match1) {","                            if (schemaP.type === 'boolean') {","                                return;","                            }","                            match0 = match1;","                            if (match0) {","                                schemaP.items = { type: 'string' };","                                schemaP.type = 'array';","                            }","                            schemaP.enum = {};","                            description.replace((","                                /<code>([^,]+?)<\\/code>/g","                            ), function (match0, match1) {","                                match0 = match1;","                                match0 = match0.trim().replace((/^\"|\"$/g), '');","                                if (match0.indexOf('&lt;') >= 0) {","                                    schemaP.enum = undefined;","                                }","                                if (schemaP.enum) {","                                    schemaP.enum[match0] = true;","                                }","                            });","                            if (schemaP.enum) {","                                schemaP.enum = Object.keys(schemaP.enum);","                            }","                        });","                        local.tryCatchOnError(function () {","                            schemaP.default = JSON.parse(schemaP.default);","                        }, local.nop);","                        if (schemaP.type === 'array') {","                            schemaP.items = { type: schemaP.default","                                ? typeof schemaP.default[0]","                                : 'string' };","                        }","                        // init parameters","                        if (operation.parameters.some(function (element) {","                                if (element.name === schemaP.name) {","                                    local.objectSetOverride(element, {","                                        default: element.in === 'body'","                                            ? undefined","                                            : schemaP.element,","                                        required: schemaP.required || undefined,","                                        'x-swgg-descriptionLineList':","                                            schemaP['x-swgg-descriptionLineList']","                                    });","                                    return true;","                                }","                            })) {","                            return;","                        }","                        if (!definition) {","                            operation.parameters.push(schemaP);","                            return;","                        }","                        definition.properties[name] = definition.properties[name] || {};","                        local.objectSetOverride(definition.properties[name], {","                            default: schemaP.default,","                            enum: schemaP.enum,","                            items: schemaP.items,","                            type: schemaP.type,","                            'x-swgg-descriptionLineList': schemaP['x-swgg-descriptionLineList']","                        });","                        if (schemaP.required) {","                            definition.required = definition.required || [];","                            definition.required.push(name);","                        }","                    });","                });","            });","            Object.keys(swaggerJson.paths).forEach(function (path) {","                Object.keys(swaggerJson.paths[path]).forEach(function (method) {","                    // normalize parameters","                    tmp = { 'access_token query': true };","                    operation = swaggerJson.paths[path][method];","                    operation.parameters = operation.parameters.filter(function (schemaP) {","                        if (schemaP.name && tmp[schemaP.name + ' ' + schemaP.in]) {","                            return;","                        }","                        tmp[schemaP.name + ' ' + schemaP.in] = true;","                        return true;","                    });","                });","            });","            // init tags","            swaggerJson.tags = Object.keys(swaggerJson['x-swgg-tags0-override'])","                .sort(function (aa, bb) {","                    return aa < bb","                        ? -1","                        : 1;","                })","                .map(function (key) {","                    tagDict = swaggerJson['x-swgg-tags0-override'][key];","                    tmp = tagDict['x-swgg-descriptionLineList'];","                    tagDict['x-swgg-descriptionLineList'] = Array.prototype.concat.apply(","                        [],","                        Object.keys(tmp)","                            .sort(function (aa, bb) {","                                return aa === key","                                    ? -1","                                    : bb === key","                                    ? 1","                                    : tmp[aa][0] < tmp[bb][0]","                                    ? -1","                                    : 1;","                            })","                            .map(function (key) {","                                return [''].concat(tmp[key]);","                            })","                    ).slice(1);","                    return {","                        name: key,","                        'x-swgg-descriptionLineList': tagDict['x-swgg-descriptionLineList']","                    };","                });","            // bug-workaround - misc","            [","                '_2Forgs_2F_7Borg_7D_2Fhooks_2F_7Bid_7D_20PATCH.body',","                '_2Forgs_2F_7Borg_7D_2Finvitations_20POST.body',","                '_2Frepos_2F_7Bowner_7D_2F_7Brepo_7D_2Fhooks_2F_7Bid_7D_20PATCH.body'","            ].forEach(function (key) {","                swaggerJson.definitions[key].required = undefined;","            });","            // normalize swaggerJson","            local.normalizeSwaggerJson(swaggerJson);","            // save swaggerJson","            local.fs.writeFileSync(","                'assets.swgg.swagger.json',","                local.jsonStringifyOrdered(swaggerJson, null, 4)","            );","            local.buildReadme({}, onError);","        };","    }());","}());",""],"l":{"13":1,"15":1,"20":1,"22":1,"24":1,"25":1,"26":1,"31":1,"38":1,"42":1,"45":1,"51":1,"53":1,"57":2,"73":2,"77":1938,"78":1938,"83":2338,"113":1938,"117":1938,"120":2,"121":2,"122":2,"123":0,"124":0,"127":2,"129":2,"131":2,"179":2,"180":2,"181":2,"185":2,"186":188,"187":2,"192":32,"193":2,"195":30,"196":30,"199":30,"200":30,"201":136,"202":136,"206":2,"207":2,"210":2,"212":186,"213":186,"215":186,"216":186,"217":186,"218":18,"221":168,"235":168,"236":168,"237":456,"238":456,"239":456,"240":364,"241":364,"244":168,"245":168,"247":168,"248":168,"249":18,"252":168,"254":168,"255":168,"256":1244,"258":168,"259":168,"262":144,"263":144,"264":140,"267":168,"268":168,"276":1244,"278":1244,"279":346,"282":898,"283":898,"284":898,"285":898,"286":894,"288":898,"290":898,"291":898,"294":158,"295":158,"296":158,"299":898,"301":898,"307":898,"308":898,"309":914,"310":914,"311":898,"313":16,"314":16,"316":898,"318":898,"319":898,"320":898,"326":898,"331":898,"333":898,"334":898,"339":872,"341":872,"355":872,"358":218,"359":218,"363":872,"366":76,"367":2,"369":74,"370":74,"371":2,"372":2,"374":74,"375":74,"378":320,"379":320,"380":320,"381":8,"383":320,"384":306,"387":74,"388":70,"391":872,"392":872,"394":872,"395":22,"400":872,"401":5110,"402":82,"410":82,"413":82,"415":790,"416":368,"417":368,"419":422,"420":422,"427":422,"428":116,"429":116,"434":2,"435":572,"437":898,"438":898,"439":898,"440":4938,"441":2,"443":4936,"444":4936,"449":2,"451":76,"456":32,"457":32,"458":32,"462":222,"471":168,"474":32,"480":2,"485":6,"488":2,"490":2,"494":2}},"/home/travis/build/kaizhu256/node-swgg-github-all/lib.swgg_github_all.js":{"path":"/home/travis/build/kaizhu256/node-swgg-github-all/lib.swgg_github_all.js","s":{"1":1,"2":1,"3":1,"4":1,"5":1,"6":1,"7":1,"8":1,"9":1,"10":1,"11":1,"12":1,"13":1,"14":1,"15":0,"16":1,"17":1,"18":1,"19":1,"20":1,"21":1,"22":1,"23":1,"24":1,"25":1,"26":1,"27":1,"28":1,"29":1,"30":1,"31":1,"32":1,"33":1,"34":1,"35":1,"36":1,"37":1,"38":1,"39":1,"40":1,"41":1,"42":1,"43":1,"44":1,"45":1,"46":1,"47":1,"48":1,"49":1,"50":1},"b":{"1":[1,0,0,0],"2":[1,1,1,1],"3":[0,1],"4":[1,1],"5":[1,0],"6":[1,1,0],"7":[0,1]},"f":{"1":1,"2":1,"3":1},"fnMap":{"1":{"name":"(anonymous_1)","line":13,"loc":{"start":{"line":13,"column":1},"end":{"line":13,"column":13}}},"2":{"name":"(anonymous_2)","line":20,"loc":{"start":{"line":20,"column":5},"end":{"line":20,"column":17}}},"3":{"name":"(anonymous_3)","line":24,"loc":{"start":{"line":24,"column":24},"end":{"line":24,"column":36}}}},"statementMap":{"1":{"start":{"line":13,"column":0},"end":{"line":95,"column":5}},"2":{"start":{"line":15,"column":4},"end":{"line":15,"column":14}},"3":{"start":{"line":20,"column":4},"end":{"line":94,"column":9}},"4":{"start":{"line":22,"column":8},"end":{"line":22,"column":19}},"5":{"start":{"line":24,"column":8},"end":{"line":36,"column":13}},"6":{"start":{"line":25,"column":12},"end":{"line":35,"column":13}},"7":{"start":{"line":26,"column":16},"end":{"line":29,"column":30}},"8":{"start":{"line":31,"column":16},"end":{"line":34,"column":27}},"9":{"start":{"line":38,"column":8},"end":{"line":40,"column":21}},"10":{"start":{"line":42,"column":8},"end":{"line":42,"column":54}},"11":{"start":{"line":44,"column":8},"end":{"line":49,"column":9},"skip":true},"12":{"start":{"line":45,"column":12},"end":{"line":47,"column":55},"skip":true},"13":{"start":{"line":48,"column":12},"end":{"line":48,"column":28},"skip":true},"14":{"start":{"line":51,"column":8},"end":{"line":91,"column":9}},"15":{"start":{"line":52,"column":12},"end":{"line":52,"column":58}},"16":{"start":{"line":56,"column":12},"end":{"line":56,"column":45}},"17":{"start":{"line":57,"column":12},"end":{"line":57,"column":59}},"18":{"start":{"line":58,"column":12},"end":{"line":58,"column":47}},"19":{"start":{"line":59,"column":12},"end":{"line":59,"column":47}},"20":{"start":{"line":60,"column":12},"end":{"line":60,"column":51}},"21":{"start":{"line":61,"column":12},"end":{"line":61,"column":45}},"22":{"start":{"line":62,"column":12},"end":{"line":62,"column":43}},"23":{"start":{"line":63,"column":12},"end":{"line":63,"column":39}},"24":{"start":{"line":64,"column":12},"end":{"line":64,"column":45}},"25":{"start":{"line":65,"column":12},"end":{"line":65,"column":45}},"26":{"start":{"line":66,"column":12},"end":{"line":66,"column":37}},"27":{"start":{"line":67,"column":12},"end":{"line":67,"column":41}},"28":{"start":{"line":68,"column":12},"end":{"line":68,"column":43}},"29":{"start":{"line":69,"column":12},"end":{"line":69,"column":45}},"30":{"start":{"line":70,"column":12},"end":{"line":70,"column":39}},"31":{"start":{"line":71,"column":12},"end":{"line":71,"column":37}},"32":{"start":{"line":72,"column":12},"end":{"line":72,"column":41}},"33":{"start":{"line":73,"column":12},"end":{"line":73,"column":47}},"34":{"start":{"line":74,"column":12},"end":{"line":74,"column":49}},"35":{"start":{"line":75,"column":12},"end":{"line":75,"column":55}},"36":{"start":{"line":76,"column":12},"end":{"line":76,"column":49}},"37":{"start":{"line":77,"column":12},"end":{"line":77,"column":41}},"38":{"start":{"line":78,"column":12},"end":{"line":78,"column":45}},"39":{"start":{"line":79,"column":12},"end":{"line":79,"column":61}},"40":{"start":{"line":80,"column":12},"end":{"line":80,"column":45}},"41":{"start":{"line":81,"column":12},"end":{"line":81,"column":39}},"42":{"start":{"line":82,"column":12},"end":{"line":82,"column":39}},"43":{"start":{"line":83,"column":12},"end":{"line":83,"column":39}},"44":{"start":{"line":84,"column":12},"end":{"line":84,"column":41}},"45":{"start":{"line":85,"column":12},"end":{"line":85,"column":37}},"46":{"start":{"line":86,"column":12},"end":{"line":86,"column":37}},"47":{"start":{"line":87,"column":12},"end":{"line":87,"column":41}},"48":{"start":{"line":89,"column":12},"end":{"line":89,"column":35}},"49":{"start":{"line":90,"column":12},"end":{"line":90,"column":49}},"50":{"start":{"line":93,"column":8},"end":{"line":93,"column":52}}},"branchMap":{"1":{"line":26,"type":"binary-expr","locations":[{"start":{"line":26,"column":23},"end":{"line":26,"column":62}},{"start":{"line":27,"column":20},"end":{"line":27,"column":70}},{"start":{"line":28,"column":20},"end":{"line":28,"column":71}},{"start":{"line":29,"column":20},"end":{"line":29,"column":29}}]},"2":{"line":31,"type":"binary-expr","locations":[{"start":{"line":31,"column":23},"end":{"line":31,"column":37}},{"start":{"line":32,"column":20},"end":{"line":32,"column":61}},{"start":{"line":33,"column":20},"end":{"line":33,"column":70}},{"start":{"line":34,"column":20},"end":{"line":34,"column":26}}]},"3":{"line":38,"type":"cond-expr","locations":[{"start":{"line":39,"column":14},"end":{"line":39,"column":20}},{"start":{"line":40,"column":14},"end":{"line":40,"column":20}}]},"4":{"line":42,"type":"binary-expr","locations":[{"start":{"line":42,"column":16},"end":{"line":42,"column":44}},{"start":{"line":42,"column":48},"end":{"line":42,"column":53}}]},"5":{"line":44,"type":"if","locations":[{"start":{"line":44,"column":8},"end":{"line":44,"column":8},"skip":true},{"start":{"line":44,"column":8},"end":{"line":44,"column":8},"skip":true}]},"6":{"line":45,"type":"binary-expr","locations":[{"start":{"line":45,"column":20},"end":{"line":45,"column":48},"skip":true},{"start":{"line":46,"column":16},"end":{"line":46,"column":48},"skip":true},{"start":{"line":47,"column":16},"end":{"line":47,"column":54},"skip":true}]},"7":{"line":51,"type":"if","locations":[{"start":{"line":51,"column":8},"end":{"line":51,"column":8}},{"start":{"line":51,"column":8},"end":{"line":51,"column":8}}]}},"code":["/* istanbul instrument in package swgg_github_all */","/* jslint-utility2 */","/*jslint","    bitwise: true,","    browser: true,","    maxerr: 4,","    maxlen: 100,","    node: true,","    nomen: true,","    regexp: true,","    stupid: true","*/","(function () {","    'use strict';","    var local;","","","","    // run shared js-env code - init-before","    (function () {","        // init local","        local = {};","        // init modeJs","        local.modeJs = (function () {","            try {","                return typeof navigator.userAgent === 'string' &&","                    typeof document.querySelector('body') === 'object' &&","                    typeof XMLHttpRequest.prototype.open === 'function' &&","                    'browser';","            } catch (errorCaughtBrowser) {","                return module.exports &&","                    typeof process.versions.node === 'string' &&","                    typeof require('http').createServer === 'function' &&","                    'node';","            }","        }());","        // init global","        local.global = local.modeJs === 'browser'","            ? window","            : global;","        // init utility2_rollup","        local = local.global.utility2_rollup || local;","        /* istanbul ignore next */","        if (local) {","            local = local.global.utility2_rollup ||","                local.global.utility2_rollup_old ||","                require('./assets.utility2.rollup.js');","            local.fs = null;","        }","        // init exports","        if (local.modeJs === 'browser') {","            local.global.utility2_swgg_github_all = local;","        } else {","            // require builtins","            // local.assert = require('assert');","            local.buffer = require('buffer');","            local.child_process = require('child_process');","            local.cluster = require('cluster');","            local.console = require('console');","            local.constants = require('constants');","            local.crypto = require('crypto');","            local.dgram = require('dgram');","            local.dns = require('dns');","            local.domain = require('domain');","            local.events = require('events');","            local.fs = require('fs');","            local.http = require('http');","            local.https = require('https');","            local.module = require('module');","            local.net = require('net');","            local.os = require('os');","            local.path = require('path');","            local.process = require('process');","            local.punycode = require('punycode');","            local.querystring = require('querystring');","            local.readline = require('readline');","            local.repl = require('repl');","            local.stream = require('stream');","            local.string_decoder = require('string_decoder');","            local.timers = require('timers');","            local.tls = require('tls');","            local.tty = require('tty');","            local.url = require('url');","            local.util = require('util');","            local.v8 = require('v8');","            local.vm = require('vm');","            local.zlib = require('zlib');","/* validateLineSortedReset */","            module.exports = local;","            module.exports.__dirname = __dirname;","        }","        // init lib","        local.local = local.swgg_github_all = local;","    }());","}());",""],"l":{"13":1,"15":1,"20":1,"22":1,"24":1,"25":1,"26":1,"31":1,"38":1,"42":1,"44":1,"45":1,"48":1,"51":1,"52":0,"56":1,"57":1,"58":1,"59":1,"60":1,"61":1,"62":1,"63":1,"64":1,"65":1,"66":1,"67":1,"68":1,"69":1,"70":1,"71":1,"72":1,"73":1,"74":1,"75":1,"76":1,"77":1,"78":1,"79":1,"80":1,"81":1,"82":1,"83":1,"84":1,"85":1,"86":1,"87":1,"89":1,"90":1,"93":1}},"/home/travis/build/kaizhu256/node-swgg-github-all/example.js":{"path":"/home/travis/build/kaizhu256/node-swgg-github-all/example.js","s":{"1":1,"2":1,"3":1,"4":1,"5":1,"6":1,"7":1,"8":1,"9":1,"10":1,"11":1,"12":1,"13":1,"14":0,"15":1,"16":1,"17":1,"18":1,"19":1,"20":1,"21":1,"22":1,"23":1,"24":1,"25":1,"26":1,"27":1,"28":1,"29":1,"30":1,"31":1,"32":1,"33":1,"34":1,"35":1,"36":1,"37":1,"38":1,"39":1,"40":1,"41":1,"42":1,"43":1,"44":1,"45":1,"46":1,"47":1,"48":1,"49":1,"50":4,"51":4,"52":4,"53":1,"54":1,"55":1,"56":0,"57":0,"58":0,"59":0,"60":0,"61":0,"62":1,"63":1,"64":0,"65":0,"66":0,"67":0,"68":0,"69":0,"70":0,"71":0,"72":0,"73":0,"74":0,"75":0,"76":0,"77":0,"78":0,"79":0},"b":{"1":[1,0,0,0],"2":[1,1,1,1],"3":[0,1],"4":[1,1],"5":[0,1],"6":[0,1],"7":[1,0],"8":[4,1],"9":[1,3],"10":[1,1],"11":[0,0,0,0,0],"12":[1,0],"13":[1,0],"14":[0,0],"15":[0,0],"16":[0,0],"17":[0,0],"18":[0,0],"19":[0,0]},"f":{"1":1,"2":1,"3":1,"4":4,"5":0,"6":0},"fnMap":{"1":{"name":"(anonymous_1)","line":134,"loc":{"start":{"line":134,"column":1},"end":{"line":134,"column":13}}},"2":{"name":"(anonymous_2)","line":141,"loc":{"start":{"line":141,"column":5},"end":{"line":141,"column":17}}},"3":{"name":"(anonymous_3)","line":145,"loc":{"start":{"line":145,"column":24},"end":{"line":145,"column":36}}},"4":{"name":"(anonymous_4)","line":229,"loc":{"start":{"line":229,"column":18},"end":{"line":229,"column":34}},"skip":true},"5":{"name":"(anonymous_5)","line":249,"loc":{"start":{"line":249,"column":47},"end":{"line":249,"column":73}},"skip":true},"6":{"name":"(anonymous_6)","line":283,"loc":{"start":{"line":283,"column":32},"end":{"line":283,"column":61}},"skip":true}},"statementMap":{"1":{"start":{"line":134,"column":0},"end":{"line":294,"column":5}},"2":{"start":{"line":136,"column":4},"end":{"line":136,"column":14}},"3":{"start":{"line":141,"column":4},"end":{"line":170,"column":9}},"4":{"start":{"line":143,"column":8},"end":{"line":143,"column":19}},"5":{"start":{"line":145,"column":8},"end":{"line":157,"column":13}},"6":{"start":{"line":146,"column":12},"end":{"line":156,"column":13}},"7":{"start":{"line":147,"column":16},"end":{"line":150,"column":30}},"8":{"start":{"line":152,"column":16},"end":{"line":155,"column":27}},"9":{"start":{"line":159,"column":8},"end":{"line":161,"column":21}},"10":{"start":{"line":163,"column":8},"end":{"line":165,"column":45}},"11":{"start":{"line":167,"column":8},"end":{"line":167,"column":35}},"12":{"start":{"line":169,"column":8},"end":{"line":169,"column":96}},"13":{"start":{"line":171,"column":4},"end":{"line":293,"column":5}},"14":{"start":{"line":178,"column":8},"end":{"line":178,"column":14},"skip":true},"15":{"start":{"line":186,"column":8},"end":{"line":186,"column":31},"skip":true},"16":{"start":{"line":189,"column":8},"end":{"line":189,"column":41},"skip":true},"17":{"start":{"line":190,"column":8},"end":{"line":190,"column":55},"skip":true},"18":{"start":{"line":191,"column":8},"end":{"line":191,"column":43},"skip":true},"19":{"start":{"line":192,"column":8},"end":{"line":192,"column":43},"skip":true},"20":{"start":{"line":193,"column":8},"end":{"line":193,"column":47},"skip":true},"21":{"start":{"line":194,"column":8},"end":{"line":194,"column":41},"skip":true},"22":{"start":{"line":195,"column":8},"end":{"line":195,"column":39},"skip":true},"23":{"start":{"line":196,"column":8},"end":{"line":196,"column":35},"skip":true},"24":{"start":{"line":197,"column":8},"end":{"line":197,"column":41},"skip":true},"25":{"start":{"line":198,"column":8},"end":{"line":198,"column":41},"skip":true},"26":{"start":{"line":199,"column":8},"end":{"line":199,"column":33},"skip":true},"27":{"start":{"line":200,"column":8},"end":{"line":200,"column":37},"skip":true},"28":{"start":{"line":201,"column":8},"end":{"line":201,"column":39},"skip":true},"29":{"start":{"line":202,"column":8},"end":{"line":202,"column":41},"skip":true},"30":{"start":{"line":203,"column":8},"end":{"line":203,"column":35},"skip":true},"31":{"start":{"line":204,"column":8},"end":{"line":204,"column":33},"skip":true},"32":{"start":{"line":205,"column":8},"end":{"line":205,"column":37},"skip":true},"33":{"start":{"line":206,"column":8},"end":{"line":206,"column":43},"skip":true},"34":{"start":{"line":207,"column":8},"end":{"line":207,"column":45},"skip":true},"35":{"start":{"line":208,"column":8},"end":{"line":208,"column":51},"skip":true},"36":{"start":{"line":209,"column":8},"end":{"line":209,"column":45},"skip":true},"37":{"start":{"line":210,"column":8},"end":{"line":210,"column":37},"skip":true},"38":{"start":{"line":211,"column":8},"end":{"line":211,"column":41},"skip":true},"39":{"start":{"line":212,"column":8},"end":{"line":212,"column":57},"skip":true},"40":{"start":{"line":213,"column":8},"end":{"line":213,"column":41},"skip":true},"41":{"start":{"line":214,"column":8},"end":{"line":214,"column":35},"skip":true},"42":{"start":{"line":215,"column":8},"end":{"line":215,"column":35},"skip":true},"43":{"start":{"line":216,"column":8},"end":{"line":216,"column":35},"skip":true},"44":{"start":{"line":217,"column":8},"end":{"line":217,"column":37},"skip":true},"45":{"start":{"line":218,"column":8},"end":{"line":218,"column":33},"skip":true},"46":{"start":{"line":219,"column":8},"end":{"line":219,"column":33},"skip":true},"47":{"start":{"line":220,"column":8},"end":{"line":220,"column":37},"skip":true},"48":{"start":{"line":223,"column":8},"end":{"line":223,"column":50},"skip":true},"49":{"start":{"line":224,"column":8},"end":{"line":238,"column":11},"skip":true},"50":{"start":{"line":230,"column":12},"end":{"line":230,"column":30},"skip":true},"51":{"start":{"line":231,"column":12},"end":{"line":231,"column":66},"skip":true},"52":{"start":{"line":232,"column":12},"end":{"line":237,"column":13},"skip":true},"53":{"start":{"line":233,"column":16},"end":{"line":236,"column":18},"skip":true},"54":{"start":{"line":242,"column":8},"end":{"line":244,"column":33},"skip":true},"55":{"start":{"line":246,"column":8},"end":{"line":262,"column":15},"skip":true},"56":{"start":{"line":250,"column":16},"end":{"line":261,"column":17},"skip":true},"57":{"start":{"line":252,"column":20},"end":{"line":252,"column":60},"skip":true},"58":{"start":{"line":254,"column":20},"end":{"line":254,"column":45},"skip":true},"59":{"start":{"line":256,"column":20},"end":{"line":256,"column":45},"skip":true},"60":{"start":{"line":258,"column":20},"end":{"line":258,"column":35},"skip":true},"61":{"start":{"line":260,"column":20},"end":{"line":260,"column":34},"skip":true},"62":{"start":{"line":264,"column":8},"end":{"line":266,"column":9},"skip":true},"63":{"start":{"line":265,"column":12},"end":{"line":265,"column":18},"skip":true},"64":{"start":{"line":267,"column":8},"end":{"line":269,"column":54},"skip":true},"65":{"start":{"line":271,"column":8},"end":{"line":271,"column":82},"skip":true},"66":{"start":{"line":274,"column":8},"end":{"line":276,"column":9},"skip":true},"67":{"start":{"line":275,"column":12},"end":{"line":275,"column":82},"skip":true},"68":{"start":{"line":278,"column":8},"end":{"line":280,"column":9},"skip":true},"69":{"start":{"line":279,"column":12},"end":{"line":279,"column":18},"skip":true},"70":{"start":{"line":281,"column":8},"end":{"line":281,"column":54},"skip":true},"71":{"start":{"line":282,"column":8},"end":{"line":282,"column":69},"skip":true},"72":{"start":{"line":283,"column":8},"end":{"line":291,"column":36},"skip":true},"73":{"start":{"line":284,"column":12},"end":{"line":284,"column":61},"skip":true},"74":{"start":{"line":285,"column":12},"end":{"line":288,"column":13},"skip":true},"75":{"start":{"line":286,"column":16},"end":{"line":286,"column":75},"skip":true},"76":{"start":{"line":287,"column":16},"end":{"line":287,"column":23},"skip":true},"77":{"start":{"line":289,"column":12},"end":{"line":289,"column":38},"skip":true},"78":{"start":{"line":290,"column":12},"end":{"line":290,"column":27},"skip":true},"79":{"start":{"line":292,"column":8},"end":{"line":292,"column":14},"skip":true}},"branchMap":{"1":{"line":147,"type":"binary-expr","locations":[{"start":{"line":147,"column":23},"end":{"line":147,"column":62}},{"start":{"line":148,"column":20},"end":{"line":148,"column":70}},{"start":{"line":149,"column":20},"end":{"line":149,"column":71}},{"start":{"line":150,"column":20},"end":{"line":150,"column":29}}]},"2":{"line":152,"type":"binary-expr","locations":[{"start":{"line":152,"column":23},"end":{"line":152,"column":37}},{"start":{"line":153,"column":20},"end":{"line":153,"column":61}},{"start":{"line":154,"column":20},"end":{"line":154,"column":70}},{"start":{"line":155,"column":20},"end":{"line":155,"column":26}}]},"3":{"line":159,"type":"cond-expr","locations":[{"start":{"line":160,"column":14},"end":{"line":160,"column":20}},{"start":{"line":161,"column":14},"end":{"line":161,"column":20}}]},"4":{"line":163,"type":"binary-expr","locations":[{"start":{"line":163,"column":16},"end":{"line":163,"column":44}},{"start":{"line":163,"column":49},"end":{"line":165,"column":43}}]},"5":{"line":163,"type":"cond-expr","locations":[{"start":{"line":164,"column":14},"end":{"line":164,"column":51}},{"start":{"line":165,"column":14},"end":{"line":165,"column":43}}]},"6":{"line":171,"type":"switch","locations":[{"start":{"line":177,"column":4},"end":{"line":178,"column":14},"skip":true},{"start":{"line":184,"column":4},"end":{"line":292,"column":14},"skip":true}]},"7":{"line":223,"type":"binary-expr","locations":[{"start":{"line":223,"column":27},"end":{"line":223,"column":43},"skip":true},{"start":{"line":223,"column":47},"end":{"line":223,"column":49},"skip":true}]},"8":{"line":231,"type":"binary-expr","locations":[{"start":{"line":231,"column":37},"end":{"line":231,"column":59},"skip":true},{"start":{"line":231,"column":63},"end":{"line":231,"column":65},"skip":true}]},"9":{"line":232,"type":"if","locations":[{"start":{"line":232,"column":12},"end":{"line":232,"column":12},"skip":true},{"start":{"line":232,"column":12},"end":{"line":232,"column":12},"skip":true}]},"10":{"line":242,"type":"binary-expr","locations":[{"start":{"line":242,"column":57},"end":{"line":242,"column":103},"skip":true},{"start":{"line":243,"column":12},"end":{"line":244,"column":32},"skip":true}]},"11":{"line":250,"type":"switch","locations":[{"start":{"line":251,"column":16},"end":{"line":252,"column":60},"skip":true},{"start":{"line":253,"column":16},"end":{"line":254,"column":45},"skip":true},{"start":{"line":255,"column":16},"end":{"line":256,"column":45},"skip":true},{"start":{"line":257,"column":16},"end":{"line":258,"column":35},"skip":true},{"start":{"line":259,"column":16},"end":{"line":260,"column":34},"skip":true}]},"12":{"line":264,"type":"if","locations":[{"start":{"line":264,"column":8},"end":{"line":264,"column":8},"skip":true},{"start":{"line":264,"column":8},"end":{"line":264,"column":8},"skip":true}]},"13":{"line":264,"type":"binary-expr","locations":[{"start":{"line":264,"column":12},"end":{"line":264,"column":35},"skip":true},{"start":{"line":264,"column":39},"end":{"line":264,"column":67},"skip":true}]},"14":{"line":268,"type":"binary-expr","locations":[{"start":{"line":268,"column":12},"end":{"line":268,"column":50},"skip":true},{"start":{"line":269,"column":12},"end":{"line":269,"column":53},"skip":true}]},"15":{"line":271,"type":"binary-expr","locations":[{"start":{"line":271,"column":43},"end":{"line":271,"column":75},"skip":true},{"start":{"line":271,"column":79},"end":{"line":271,"column":81},"skip":true}]},"16":{"line":274,"type":"if","locations":[{"start":{"line":274,"column":8},"end":{"line":274,"column":8},"skip":true},{"start":{"line":274,"column":8},"end":{"line":274,"column":8},"skip":true}]},"17":{"line":278,"type":"if","locations":[{"start":{"line":278,"column":8},"end":{"line":278,"column":8},"skip":true},{"start":{"line":278,"column":8},"end":{"line":278,"column":8},"skip":true}]},"18":{"line":281,"type":"binary-expr","locations":[{"start":{"line":281,"column":27},"end":{"line":281,"column":43},"skip":true},{"start":{"line":281,"column":47},"end":{"line":281,"column":53},"skip":true}]},"19":{"line":285,"type":"if","locations":[{"start":{"line":285,"column":12},"end":{"line":285,"column":12},"skip":true},{"start":{"line":285,"column":12},"end":{"line":285,"column":12},"skip":true}]}},"code":["","","","","","","","","","","","","","","","","","","","","","","","","","","","","","","","","","","","","","","","","","","","","","","","","","","","","","","","","","","","","","","","","","","","","","","","","","","","","","","","","","","","","","","","","","","","","","","","","","","","","","","","","","","/*","example.js","","this script will run a web-demo of swgg-github-all","","instruction","    1. save this script as example.js","    2. run the shell command:","        $ npm install swgg-github-all && PORT=8081 node example.js","    3. open a browser to http://127.0.0.1:8081 and play with the web-demo","    4. edit this script to suit your needs","*/","","","","/* istanbul instrument in package swgg_github_all */","/* jslint-utility2 */","/*jslint","    bitwise: true,","    browser: true,","    maxerr: 4,","    maxlen: 100,","    node: true,","    nomen: true,","    regexp: true,","    stupid: true","*/","(function () {","    'use strict';","    var local;","","","","    // run shared js-env code - init-before","    (function () {","        // init local","        local = {};","        // init modeJs","        local.modeJs = (function () {","            try {","                return typeof navigator.userAgent === 'string' &&","                    typeof document.querySelector('body') === 'object' &&","                    typeof XMLHttpRequest.prototype.open === 'function' &&","                    'browser';","            } catch (errorCaughtBrowser) {","                return module.exports &&","                    typeof process.versions.node === 'string' &&","                    typeof require('http').createServer === 'function' &&","                    'node';","            }","        }());","        // init global","        local.global = local.modeJs === 'browser'","            ? window","            : global;","        // init utility2_rollup","        local = local.global.utility2_rollup || (local.modeJs === 'browser'","            ? local.global.utility2_swgg_github_all","            : global.utility2_moduleExports);","        // init exports","        local.global.local = local;","        // init assets","        local.assetsDict['/assets.index.template.html'] = local.assetsDict['/assets.swgg.html'];","    }());","    switch (local.modeJs) {","","","","    // run browser js-env code - init-test","    /* istanbul ignore next */","    case 'browser':","        break;","","","","    // run node js-env code - init-test","    /* istanbul ignore next */","    case 'node':","        // init exports","        module.exports = local;","        // require builtins","        // local.assert = require('assert');","        local.buffer = require('buffer');","        local.child_process = require('child_process');","        local.cluster = require('cluster');","        local.console = require('console');","        local.constants = require('constants');","        local.crypto = require('crypto');","        local.dgram = require('dgram');","        local.dns = require('dns');","        local.domain = require('domain');","        local.events = require('events');","        local.fs = require('fs');","        local.http = require('http');","        local.https = require('https');","        local.module = require('module');","        local.net = require('net');","        local.os = require('os');","        local.path = require('path');","        local.process = require('process');","        local.punycode = require('punycode');","        local.querystring = require('querystring');","        local.readline = require('readline');","        local.repl = require('repl');","        local.stream = require('stream');","        local.string_decoder = require('string_decoder');","        local.timers = require('timers');","        local.tls = require('tls');","        local.tty = require('tty');","        local.url = require('url');","        local.util = require('util');","        local.v8 = require('v8');","        local.vm = require('vm');","        local.zlib = require('zlib');","/* validateLineSortedReset */","        // init assets","        local.assetsDict = local.assetsDict || {};","        [","            'assets.index.css',","            'assets.index.template.html',","            'assets.swgg.swagger.json',","            'assets.swgg.swagger.server.json'","        ].forEach(function (file) {","            file = '/' + file;","            local.assetsDict[file] = local.assetsDict[file] || '';","            if (local.fs.existsSync(local.__dirname + file)) {","                local.assetsDict[file] = local.fs.readFileSync(","                    local.__dirname + file,","                    'utf8'","                );","            }","        });","/* validateLineSortedReset */","        // bug-workaround - long $npm_package_buildCustomOrg","        /* jslint-ignore-begin */","        local.assetsDict['/assets.swgg_github_all.js'] = local.assetsDict['/assets.swgg_github_all.js'] ||","            local.fs.readFileSync(local.__dirname + '/lib.swgg_github_all.js', 'utf8'","        ).replace((/^#!/), '//');","/* validateLineSortedReset */","        local.assetsDict['/'] =","            local.assetsDict['/assets.example.html'] =","            local.assetsDict['/assets.index.template.html']","            .replace((/\\{\\{env\\.(\\w+?)\\}\\}/g), function (match0, match1) {","                switch (match1) {","                case 'npm_package_description':","                    return 'the greatest app in the world!';","                case 'npm_package_name':","                    return 'swgg-github-all';","                case 'npm_package_nameLib':","                    return 'swgg_github_all';","                case 'npm_package_version':","                    return '0.0.1';","                default:","                    return match0;","                }","            });","        // init cli","        if (module !== require.main || local.global.utility2_rollup) {","            break;","        }","        local.assetsDict['/assets.example.js'] =","            local.assetsDict['/assets.example.js'] ||","            local.fs.readFileSync(__filename, 'utf8');","        /* jslint-ignore-end */","        local.assetsDict['/favicon.ico'] = local.assetsDict['/favicon.ico'] || '';","        // if $npm_config_timeout_exit exists,","        // then exit this process after $npm_config_timeout_exit ms","        if (Number(process.env.npm_config_timeout_exit)) {","            setTimeout(process.exit, Number(process.env.npm_config_timeout_exit));","        }","        // start server","        if (local.global.utility2_serverHttp1) {","            break;","        }","        process.env.PORT = process.env.PORT || '8081';","        console.error('server starting on port ' + process.env.PORT);","        local.http.createServer(function (request, response) {","            request.urlParsed = local.url.parse(request.url);","            if (local.assetsDict[request.urlParsed.pathname] !== undefined) {","                response.end(local.assetsDict[request.urlParsed.pathname]);","                return;","            }","            response.statusCode = 404;","            response.end();","        }).listen(process.env.PORT);","        break;","    }","}());"],"l":{"134":1,"136":1,"141":1,"143":1,"145":1,"146":1,"147":1,"152":1,"159":1,"163":1,"167":1,"169":1,"171":1,"178":1,"186":1,"189":1,"190":1,"191":1,"192":1,"193":1,"194":1,"195":1,"196":1,"197":1,"198":1,"199":1,"200":1,"201":1,"202":1,"203":1,"204":1,"205":1,"206":1,"207":1,"208":1,"209":1,"210":1,"211":1,"212":1,"213":1,"214":1,"215":1,"216":1,"217":1,"218":1,"219":1,"220":1,"223":1,"224":1,"230":4,"231":4,"232":4,"233":1,"242":1,"246":1,"250":1,"252":1,"254":1,"256":1,"258":1,"260":1,"264":1,"265":1,"267":1,"271":1,"274":1,"275":1,"278":1,"279":1,"281":1,"282":1,"283":1,"284":1,"285":1,"286":1,"287":1,"289":1,"290":1,"292":1}}}