{"/home/travis/build/kaizhu256/node-swgg-github-all/test.js":{"path":"/home/travis/build/kaizhu256/node-swgg-github-all/test.js","s":{"1":2,"2":2,"3":2,"4":2,"5":2,"6":2,"7":2,"8":1,"9":2,"10":2,"11":2,"12":2,"13":2,"14":3,"15":3,"16":3,"17":1,"18":1,"19":2,"20":1656,"21":4394,"22":3368,"23":2,"24":2,"25":2,"26":2,"27":2,"28":2,"29":2,"30":2,"31":40,"32":40,"33":2,"34":38,"35":2,"36":206,"37":2,"38":32,"39":2,"40":30,"41":30,"42":30,"43":30,"44":154,"45":154,"46":2,"47":2,"48":2,"49":204,"50":204,"51":204,"52":204,"53":204,"54":18,"55":186,"56":186,"57":218,"58":218,"59":218,"60":160,"61":160,"62":186,"63":186,"64":186,"65":32,"66":186,"67":1324,"68":1324,"69":380,"70":944,"71":944,"72":944,"73":944,"74":944,"75":944,"76":944,"77":1684,"78":1684,"79":1684,"80":1684,"81":1684,"82":944,"83":6,"84":6,"85":6,"86":944,"87":958,"88":944,"89":16,"90":944,"91":944,"92":944,"93":680,"94":680,"95":680,"96":66,"97":680,"98":20,"99":20,"100":680,"101":34,"102":680,"103":114,"104":114,"105":566,"106":404,"107":404,"108":126,"109":126,"110":404,"111":162,"112":944,"113":12,"114":12,"115":44,"116":24,"117":944,"118":296,"119":296,"120":174,"121":174,"122":174,"123":296,"124":944,"125":944,"126":2,"127":2,"128":610,"129":610,"130":610,"131":2,"132":604,"133":604,"134":598,"135":6,"136":12,"137":12,"138":2,"139":32,"140":92,"141":32,"142":2,"143":54,"144":2,"145":2},"b":{"1":[2,1,1,1],"2":[1,1,1,1],"3":[1,1],"4":[2,1],"5":[1,2],"6":[2,38],"7":[2,204],"8":[2,30],"9":[18,186],"10":[218,58],"11":[160,58],"12":[32,154],"13":[380,944],"14":[944,494],"15":[16,942],"16":[16,928],"17":[680,614],"18":[680,672],"19":[66,614],"20":[20,660],"21":[34,646],"22":[680,156],"23":[114,566],"24":[148,358,404,162],"25":[126,278],"26":[126,92],"27":[24,20],"28":[80,228,296],"29":[174,122],"30":[944,610],"31":[610,604],"32":[598,6],"33":[44,48]},"f":{"1":2,"2":2,"3":2,"4":2,"5":3,"6":1656,"7":4394,"8":3368,"9":40,"10":206,"11":32,"12":154,"13":218,"14":1324,"15":1684,"16":6,"17":680,"18":12,"19":44,"20":610,"21":604,"22":12,"23":32,"24":92,"25":32,"26":54},"fnMap":{"1":{"name":"(anonymous_1)","line":12,"loc":{"start":{"line":12,"column":1},"end":{"line":12,"column":13}}},"2":{"name":"(anonymous_2)","line":19,"loc":{"start":{"line":19,"column":5},"end":{"line":19,"column":17}}},"3":{"name":"(anonymous_3)","line":23,"loc":{"start":{"line":23,"column":24},"end":{"line":23,"column":36}}},"4":{"name":"(anonymous_4)","line":50,"loc":{"start":{"line":50,"column":5},"end":{"line":50,"column":17}}},"5":{"name":"(anonymous_5)","line":51,"loc":{"start":{"line":51,"column":45},"end":{"line":51,"column":73}}},"6":{"name":"(anonymous_6)","line":80,"loc":{"start":{"line":80,"column":32},"end":{"line":80,"column":51}}},"7":{"name":"(anonymous_7)","line":105,"loc":{"start":{"line":105,"column":25},"end":{"line":105,"column":44}}},"8":{"name":"(anonymous_8)","line":109,"loc":{"start":{"line":109,"column":25},"end":{"line":109,"column":44}}},"9":{"name":"(anonymous_9)","line":174,"loc":{"start":{"line":174,"column":15},"end":{"line":174,"column":41}}},"10":{"name":"(anonymous_10)","line":181,"loc":{"start":{"line":181,"column":62},"end":{"line":181,"column":82}}},"11":{"name":"(anonymous_11)","line":187,"loc":{"start":{"line":187,"column":23},"end":{"line":187,"column":63}}},"12":{"name":"(anonymous_12)","line":197,"loc":{"start":{"line":197,"column":66},"end":{"line":197,"column":92}}},"13":{"name":"(anonymous_13)","line":222,"loc":{"start":{"line":222,"column":19},"end":{"line":222,"column":45}}},"14":{"name":"(anonymous_14)","line":243,"loc":{"start":{"line":243,"column":47},"end":{"line":243,"column":63}}},"15":{"name":"(anonymous_15)","line":287,"loc":{"start":{"line":287,"column":48},"end":{"line":287,"column":64}}},"16":{"name":"(anonymous_16)","line":299,"loc":{"start":{"line":299,"column":57},"end":{"line":299,"column":72}}},"17":{"name":"(anonymous_17)","line":328,"loc":{"start":{"line":328,"column":44},"end":{"line":328,"column":88}}},"18":{"name":"(anonymous_18)","line":380,"loc":{"start":{"line":380,"column":23},"end":{"line":380,"column":54}}},"19":{"name":"(anonymous_19)","line":382,"loc":{"start":{"line":382,"column":57},"end":{"line":382,"column":72}}},"20":{"name":"(anonymous_20)","line":413,"loc":{"start":{"line":413,"column":51},"end":{"line":413,"column":67}}},"21":{"name":"(anonymous_21)","line":418,"loc":{"start":{"line":418,"column":42},"end":{"line":418,"column":57}}},"22":{"name":"(anonymous_22)","line":423,"loc":{"start":{"line":423,"column":28},"end":{"line":423,"column":48}}},"23":{"name":"(anonymous_23)","line":430,"loc":{"start":{"line":430,"column":21},"end":{"line":430,"column":36}}},"24":{"name":"(anonymous_24)","line":433,"loc":{"start":{"line":433,"column":22},"end":{"line":433,"column":40}}},"25":{"name":"(anonymous_25)","line":438,"loc":{"start":{"line":438,"column":21},"end":{"line":438,"column":40}}},"26":{"name":"(anonymous_26)","line":446,"loc":{"start":{"line":446,"column":70},"end":{"line":446,"column":85}}}},"statementMap":{"1":{"start":{"line":12,"column":0},"end":{"line":457,"column":5}},"2":{"start":{"line":14,"column":4},"end":{"line":14,"column":14}},"3":{"start":{"line":19,"column":4},"end":{"line":45,"column":9}},"4":{"start":{"line":21,"column":8},"end":{"line":21,"column":19}},"5":{"start":{"line":23,"column":8},"end":{"line":35,"column":13}},"6":{"start":{"line":24,"column":12},"end":{"line":34,"column":13}},"7":{"start":{"line":25,"column":16},"end":{"line":28,"column":30}},"8":{"start":{"line":30,"column":16},"end":{"line":33,"column":27}},"9":{"start":{"line":37,"column":8},"end":{"line":39,"column":21}},"10":{"start":{"line":41,"column":8},"end":{"line":42,"column":68}},"11":{"start":{"line":44,"column":8},"end":{"line":44,"column":33}},"12":{"start":{"line":50,"column":4},"end":{"line":456,"column":9}},"13":{"start":{"line":51,"column":8},"end":{"line":455,"column":10}},"14":{"start":{"line":55,"column":12},"end":{"line":74,"column":26}},"15":{"start":{"line":75,"column":12},"end":{"line":75,"column":73}},"16":{"start":{"line":76,"column":12},"end":{"line":79,"column":13}},"17":{"start":{"line":77,"column":16},"end":{"line":77,"column":39}},"18":{"start":{"line":78,"column":16},"end":{"line":78,"column":23}},"19":{"start":{"line":80,"column":12},"end":{"line":112,"column":14}},"20":{"start":{"line":84,"column":16},"end":{"line":111,"column":23}},"21":{"start":{"line":106,"column":24},"end":{"line":106,"column":46}},"22":{"start":{"line":110,"column":24},"end":{"line":110,"column":46}},"23":{"start":{"line":114,"column":12},"end":{"line":114,"column":29}},"24":{"start":{"line":116,"column":0},"end":{"line":159,"column":1}},"25":{"start":{"line":161,"column":12},"end":{"line":164,"column":14}},"26":{"start":{"line":165,"column":12},"end":{"line":165,"column":33}},"27":{"start":{"line":166,"column":12},"end":{"line":166,"column":36}},"28":{"start":{"line":167,"column":12},"end":{"line":167,"column":25}},"29":{"start":{"line":168,"column":12},"end":{"line":171,"column":14}},"30":{"start":{"line":172,"column":12},"end":{"line":180,"column":15}},"31":{"start":{"line":175,"column":16},"end":{"line":175,"column":32}},"32":{"start":{"line":176,"column":16},"end":{"line":178,"column":17}},"33":{"start":{"line":177,"column":20},"end":{"line":177,"column":27}},"34":{"start":{"line":179,"column":16},"end":{"line":179,"column":83}},"35":{"start":{"line":181,"column":12},"end":{"line":410,"column":15}},"36":{"start":{"line":182,"column":16},"end":{"line":209,"column":17}},"37":{"start":{"line":183,"column":20},"end":{"line":201,"column":23}},"38":{"start":{"line":188,"column":24},"end":{"line":190,"column":25}},"39":{"start":{"line":189,"column":28},"end":{"line":189,"column":35}},"40":{"start":{"line":191,"column":24},"end":{"line":191,"column":65}},"41":{"start":{"line":192,"column":24},"end":{"line":195,"column":26}},"42":{"start":{"line":196,"column":24},"end":{"line":196,"column":43}},"43":{"start":{"line":197,"column":24},"end":{"line":200,"column":27}},"44":{"start":{"line":198,"column":28},"end":{"line":198,"column":78}},"45":{"start":{"line":199,"column":28},"end":{"line":199,"column":50}},"46":{"start":{"line":203,"column":20},"end":{"line":203,"column":59}},"47":{"start":{"line":204,"column":20},"end":{"line":207,"column":22}},"48":{"start":{"line":208,"column":20},"end":{"line":208,"column":27}},"49":{"start":{"line":210,"column":16},"end":{"line":210,"column":59}},"50":{"start":{"line":211,"column":16},"end":{"line":211,"column":91}},"51":{"start":{"line":213,"column":16},"end":{"line":213,"column":66}},"52":{"start":{"line":214,"column":16},"end":{"line":214,"column":38}},"53":{"start":{"line":215,"column":16},"end":{"line":217,"column":17}},"54":{"start":{"line":216,"column":20},"end":{"line":216,"column":27}},"55":{"start":{"line":219,"column":16},"end":{"line":219,"column":36}},"56":{"start":{"line":220,"column":16},"end":{"line":229,"column":19}},"57":{"start":{"line":223,"column":20},"end":{"line":223,"column":83}},"58":{"start":{"line":224,"column":20},"end":{"line":224,"column":77}},"59":{"start":{"line":225,"column":20},"end":{"line":228,"column":21}},"60":{"start":{"line":226,"column":24},"end":{"line":226,"column":54}},"61":{"start":{"line":227,"column":24},"end":{"line":227,"column":46}},"62":{"start":{"line":231,"column":16},"end":{"line":231,"column":58}},"63":{"start":{"line":233,"column":16},"end":{"line":233,"column":48}},"64":{"start":{"line":235,"column":16},"end":{"line":242,"column":17}},"65":{"start":{"line":236,"column":20},"end":{"line":241,"column":70}},"66":{"start":{"line":243,"column":16},"end":{"line":409,"column":19}},"67":{"start":{"line":244,"column":20},"end":{"line":245,"column":99}},"68":{"start":{"line":246,"column":20},"end":{"line":248,"column":21}},"69":{"start":{"line":247,"column":24},"end":{"line":247,"column":31}},"70":{"start":{"line":250,"column":20},"end":{"line":250,"column":73}},"71":{"start":{"line":252,"column":20},"end":{"line":271,"column":22}},"72":{"start":{"line":273,"column":20},"end":{"line":278,"column":23}},"73":{"start":{"line":280,"column":20},"end":{"line":280,"column":95}},"74":{"start":{"line":282,"column":20},"end":{"line":282,"column":50}},"75":{"start":{"line":284,"column":20},"end":{"line":284,"column":55}},"76":{"start":{"line":285,"column":20},"end":{"line":298,"column":27}},"77":{"start":{"line":288,"column":28},"end":{"line":288,"column":49}},"78":{"start":{"line":289,"column":28},"end":{"line":294,"column":30}},"79":{"start":{"line":295,"column":28},"end":{"line":295,"column":59}},"80":{"start":{"line":296,"column":28},"end":{"line":296,"column":59}},"81":{"start":{"line":297,"column":28},"end":{"line":297,"column":52}},"82":{"start":{"line":299,"column":20},"end":{"line":308,"column":23}},"83":{"start":{"line":300,"column":24},"end":{"line":305,"column":26}},"84":{"start":{"line":306,"column":24},"end":{"line":306,"column":55}},"85":{"start":{"line":307,"column":24},"end":{"line":307,"column":54}},"86":{"start":{"line":309,"column":20},"end":{"line":314,"column":21}},"87":{"start":{"line":310,"column":24},"end":{"line":313,"column":57}},"88":{"start":{"line":315,"column":20},"end":{"line":317,"column":21}},"89":{"start":{"line":316,"column":24},"end":{"line":316,"column":42}},"90":{"start":{"line":318,"column":20},"end":{"line":318,"column":66}},"91":{"start":{"line":320,"column":20},"end":{"line":323,"column":32}},"92":{"start":{"line":324,"column":20},"end":{"line":376,"column":23}},"93":{"start":{"line":329,"column":24},"end":{"line":329,"column":50}},"94":{"start":{"line":331,"column":24},"end":{"line":342,"column":26}},"95":{"start":{"line":343,"column":24},"end":{"line":345,"column":25}},"96":{"start":{"line":344,"column":28},"end":{"line":344,"column":65}},"97":{"start":{"line":346,"column":24},"end":{"line":349,"column":25}},"98":{"start":{"line":347,"column":28},"end":{"line":347,"column":63}},"99":{"start":{"line":348,"column":28},"end":{"line":348,"column":64}},"100":{"start":{"line":350,"column":24},"end":{"line":352,"column":25}},"101":{"start":{"line":351,"column":28},"end":{"line":351,"column":74}},"102":{"start":{"line":353,"column":24},"end":{"line":356,"column":25}},"103":{"start":{"line":354,"column":28},"end":{"line":354,"column":86}},"104":{"start":{"line":355,"column":28},"end":{"line":355,"column":35}},"105":{"start":{"line":357,"column":24},"end":{"line":375,"column":25}},"106":{"start":{"line":362,"column":28},"end":{"line":367,"column":30}},"107":{"start":{"line":368,"column":28},"end":{"line":371,"column":29}},"108":{"start":{"line":369,"column":32},"end":{"line":369,"column":80}},"109":{"start":{"line":370,"column":32},"end":{"line":370,"column":63}},"110":{"start":{"line":372,"column":28},"end":{"line":372,"column":34}},"111":{"start":{"line":374,"column":28},"end":{"line":374,"column":63}},"112":{"start":{"line":378,"column":20},"end":{"line":387,"column":23}},"113":{"start":{"line":381,"column":24},"end":{"line":381,"column":81}},"114":{"start":{"line":382,"column":24},"end":{"line":386,"column":27}},"115":{"start":{"line":383,"column":28},"end":{"line":385,"column":29}},"116":{"start":{"line":384,"column":32},"end":{"line":384,"column":86}},"117":{"start":{"line":389,"column":20},"end":{"line":405,"column":21}},"118":{"start":{"line":393,"column":24},"end":{"line":398,"column":26}},"119":{"start":{"line":399,"column":24},"end":{"line":403,"column":25}},"120":{"start":{"line":400,"column":28},"end":{"line":400,"column":81}},"121":{"start":{"line":401,"column":28},"end":{"line":401,"column":85}},"122":{"start":{"line":402,"column":28},"end":{"line":402,"column":59}},"123":{"start":{"line":404,"column":24},"end":{"line":404,"column":30}},"124":{"start":{"line":407,"column":20},"end":{"line":407,"column":76}},"125":{"start":{"line":408,"column":20},"end":{"line":408,"column":64}},"126":{"start":{"line":412,"column":12},"end":{"line":412,"column":26}},"127":{"start":{"line":413,"column":12},"end":{"line":417,"column":15}},"128":{"start":{"line":414,"column":16},"end":{"line":414,"column":55}},"129":{"start":{"line":415,"column":16},"end":{"line":415,"column":52}},"130":{"start":{"line":416,"column":16},"end":{"line":416,"column":43}},"131":{"start":{"line":418,"column":12},"end":{"line":427,"column":15}},"132":{"start":{"line":419,"column":16},"end":{"line":419,"column":56}},"133":{"start":{"line":420,"column":16},"end":{"line":422,"column":17}},"134":{"start":{"line":421,"column":20},"end":{"line":421,"column":27}},"135":{"start":{"line":423,"column":16},"end":{"line":426,"column":19}},"136":{"start":{"line":424,"column":20},"end":{"line":424,"column":81}},"137":{"start":{"line":425,"column":20},"end":{"line":425,"column":51}},"138":{"start":{"line":429,"column":12},"end":{"line":444,"column":19}},"139":{"start":{"line":431,"column":20},"end":{"line":431,"column":69}},"140":{"start":{"line":434,"column":20},"end":{"line":436,"column":28}},"141":{"start":{"line":439,"column":20},"end":{"line":443,"column":22}},"142":{"start":{"line":446,"column":12},"end":{"line":448,"column":16}},"143":{"start":{"line":447,"column":16},"end":{"line":447,"column":49}},"144":{"start":{"line":450,"column":12},"end":{"line":453,"column":14}},"145":{"start":{"line":454,"column":12},"end":{"line":454,"column":43}}},"branchMap":{"1":{"line":25,"type":"binary-expr","locations":[{"start":{"line":25,"column":23},"end":{"line":25,"column":62}},{"start":{"line":26,"column":20},"end":{"line":26,"column":70}},{"start":{"line":27,"column":20},"end":{"line":27,"column":71}},{"start":{"line":28,"column":20},"end":{"line":28,"column":29}}]},"2":{"line":30,"type":"binary-expr","locations":[{"start":{"line":30,"column":23},"end":{"line":30,"column":37}},{"start":{"line":31,"column":20},"end":{"line":31,"column":61}},{"start":{"line":32,"column":20},"end":{"line":32,"column":70}},{"start":{"line":33,"column":20},"end":{"line":33,"column":26}}]},"3":{"line":37,"type":"cond-expr","locations":[{"start":{"line":38,"column":14},"end":{"line":38,"column":20}},{"start":{"line":39,"column":14},"end":{"line":39,"column":20}}]},"4":{"line":41,"type":"binary-expr","locations":[{"start":{"line":41,"column":38},"end":{"line":41,"column":59}},{"start":{"line":42,"column":12},"end":{"line":42,"column":50}}]},"5":{"line":76,"type":"if","locations":[{"start":{"line":76,"column":12},"end":{"line":76,"column":12}},{"start":{"line":76,"column":12},"end":{"line":76,"column":12}}]},"6":{"line":176,"type":"if","locations":[{"start":{"line":176,"column":16},"end":{"line":176,"column":16}},{"start":{"line":176,"column":16},"end":{"line":176,"column":16}}]},"7":{"line":182,"type":"if","locations":[{"start":{"line":182,"column":16},"end":{"line":182,"column":16}},{"start":{"line":182,"column":16},"end":{"line":182,"column":16}}]},"8":{"line":188,"type":"if","locations":[{"start":{"line":188,"column":24},"end":{"line":188,"column":24}},{"start":{"line":188,"column":24},"end":{"line":188,"column":24}}]},"9":{"line":215,"type":"if","locations":[{"start":{"line":215,"column":16},"end":{"line":215,"column":16}},{"start":{"line":215,"column":16},"end":{"line":215,"column":16}}]},"10":{"line":224,"type":"binary-expr","locations":[{"start":{"line":224,"column":47},"end":{"line":224,"column":71}},{"start":{"line":224,"column":75},"end":{"line":224,"column":76}}]},"11":{"line":225,"type":"if","locations":[{"start":{"line":225,"column":20},"end":{"line":225,"column":20}},{"start":{"line":225,"column":20},"end":{"line":225,"column":20}}]},"12":{"line":235,"type":"if","locations":[{"start":{"line":235,"column":16},"end":{"line":235,"column":16}},{"start":{"line":235,"column":16},"end":{"line":235,"column":16}}]},"13":{"line":246,"type":"if","locations":[{"start":{"line":246,"column":20},"end":{"line":246,"column":20}},{"start":{"line":246,"column":20},"end":{"line":246,"column":20}}]},"14":{"line":258,"type":"binary-expr","locations":[{"start":{"line":258,"column":37},"end":{"line":258,"column":49}},{"start":{"line":258,"column":53},"end":{"line":258,"column":82}}]},"15":{"line":310,"type":"cond-expr","locations":[{"start":{"line":311,"column":30},"end":{"line":311,"column":39}},{"start":{"line":312,"column":30},"end":{"line":312,"column":32}}]},"16":{"line":315,"type":"if","locations":[{"start":{"line":315,"column":20},"end":{"line":315,"column":20}},{"start":{"line":315,"column":20},"end":{"line":315,"column":20}}]},"17":{"line":332,"type":"binary-expr","locations":[{"start":{"line":332,"column":37},"end":{"line":332,"column":93}},{"start":{"line":333,"column":32},"end":{"line":333,"column":41}}]},"18":{"line":337,"type":"binary-expr","locations":[{"start":{"line":337,"column":34},"end":{"line":337,"column":48}},{"start":{"line":337,"column":52},"end":{"line":337,"column":56}}]},"19":{"line":343,"type":"if","locations":[{"start":{"line":343,"column":24},"end":{"line":343,"column":24}},{"start":{"line":343,"column":24},"end":{"line":343,"column":24}}]},"20":{"line":346,"type":"if","locations":[{"start":{"line":346,"column":24},"end":{"line":346,"column":24}},{"start":{"line":346,"column":24},"end":{"line":346,"column":24}}]},"21":{"line":350,"type":"if","locations":[{"start":{"line":350,"column":24},"end":{"line":350,"column":24}},{"start":{"line":350,"column":24},"end":{"line":350,"column":24}}]},"22":{"line":350,"type":"binary-expr","locations":[{"start":{"line":350,"column":28},"end":{"line":350,"column":53}},{"start":{"line":350,"column":57},"end":{"line":350,"column":92}}]},"23":{"line":353,"type":"if","locations":[{"start":{"line":353,"column":24},"end":{"line":353,"column":24}},{"start":{"line":353,"column":24},"end":{"line":353,"column":24}}]},"24":{"line":357,"type":"switch","locations":[{"start":{"line":358,"column":24},"end":{"line":358,"column":37}},{"start":{"line":359,"column":24},"end":{"line":359,"column":36}},{"start":{"line":360,"column":24},"end":{"line":372,"column":34}},{"start":{"line":373,"column":24},"end":{"line":374,"column":63}}]},"25":{"line":368,"type":"if","locations":[{"start":{"line":368,"column":28},"end":{"line":368,"column":28}},{"start":{"line":368,"column":28},"end":{"line":368,"column":28}}]},"26":{"line":369,"type":"binary-expr","locations":[{"start":{"line":369,"column":54},"end":{"line":369,"column":73}},{"start":{"line":369,"column":77},"end":{"line":369,"column":79}}]},"27":{"line":383,"type":"if","locations":[{"start":{"line":383,"column":28},"end":{"line":383,"column":28}},{"start":{"line":383,"column":28},"end":{"line":383,"column":28}}]},"28":{"line":389,"type":"switch","locations":[{"start":{"line":390,"column":20},"end":{"line":390,"column":33}},{"start":{"line":391,"column":20},"end":{"line":391,"column":32}},{"start":{"line":392,"column":20},"end":{"line":404,"column":30}}]},"29":{"line":399,"type":"if","locations":[{"start":{"line":399,"column":24},"end":{"line":399,"column":24}},{"start":{"line":399,"column":24},"end":{"line":399,"column":24}}]},"30":{"line":407,"type":"binary-expr","locations":[{"start":{"line":407,"column":46},"end":{"line":407,"column":69}},{"start":{"line":407,"column":73},"end":{"line":407,"column":75}}]},"31":{"line":415,"type":"binary-expr","locations":[{"start":{"line":415,"column":32},"end":{"line":415,"column":45}},{"start":{"line":415,"column":49},"end":{"line":415,"column":51}}]},"32":{"line":420,"type":"if","locations":[{"start":{"line":420,"column":16},"end":{"line":420,"column":16}},{"start":{"line":420,"column":16},"end":{"line":420,"column":16}}]},"33":{"line":434,"type":"cond-expr","locations":[{"start":{"line":435,"column":26},"end":{"line":435,"column":28}},{"start":{"line":436,"column":26},"end":{"line":436,"column":27}}]}},"code":["/* istanbul instrument in package swgg_github_all */","/*jslint","    bitwise: true,","    browser: true,","    maxerr: 8,","    maxlen: 100,","    node: true,","    nomen: true,","    regexp: true,","    stupid: true","*/","(function () {","    'use strict';","    var local;","","","","    // run shared js-env code - init-before","    (function () {","        // init local","        local = {};","        // init modeJs","        local.modeJs = (function () {","            try {","                return typeof navigator.userAgent === 'string' &&","                    typeof document.querySelector('body') === 'object' &&","                    typeof XMLHttpRequest.prototype.open === 'function' &&","                    'browser';","            } catch (errorCaughtBrowser) {","                return module.exports &&","                    typeof process.versions.node === 'string' &&","                    typeof require('http').createServer === 'function' &&","                    'node';","            }","        }());","        // init global","        local.global = local.modeJs === 'browser'","            ? window","            : global;","        // re-init local","        local = local.global.local = (local.global.utility2 ||","            require('./assets.utility2.rollup.js')).requireReadme();","        // init test","        local.testRunInit(local);","    }());","","","","    // run shared js-env code - function","    (function () {","        local.testCase_buildReadme_default = function (options, onError) {","        /*","         * this function will test buildReadme's default handling-behavior","         */","            var definition,","                definitionName,","                headerAccept,","                headerAcceptDict,","                htmlToDescription,","                method,","                operation,","                operationIdDict,","                parametersPathDict,","                path,","                pathDict,","                swaggerJson,","                tagDict,","                textAll,","                title,","                typeDict,","                tag,","                tmp,","                url,","                urlParsed;","            textAll = local.tryCatchReadFile('.apidoc.raw.html', 'utf8');","            if (!textAll) {","                onError(null, options);","                return;","            }","            htmlToDescription = function (options) {","            /*","             * this function will format options.html to swagger markdown-description","             */","                return options.html","                    // format \\n","                    .replace((/\\n\\n+/g), '\\n')","                    .replace((/\\n<li>/g), '\\n\\n<li>')","                    .replace((/\\n<(?:p|pre)>/g), '\\n\\n')","                    .replace((/\\n([^\\n])/g), ' $1')","                    .replace((/\\n /g), '\\n')","                    // format header accept","                    .replace((/( header:)<\\/p>\\n(<code>)/g), '$1 $2')","                    // format <a>","                    .replace((/<a href=\"\\//g), '<a href=\"https://developer.github.com/')","                    .replace((/<a href=\"#/g), '<a href=\"' + options.url + '#')","                    .replace((/<a href=\"(.*?)\".*?>(.*?)<\\/a>/g), '[$2]($1)')","                    // format <xxx>","                    .replace((/<code>(.*?)<\\/code>/g), '```$1```')","                    .replace((/<li>(.*?)<\\/li>/g), '  - $1')","                    .replace((/<strong>(.*?)<\\/strong>/g), '**$1**')","                    .replace((/<[^<>]*?>/g), '')","                    // format whitespace","                    .replace((/ {1,}/g), ' ')","                    .split('\\n')","                    .map(function (element) {","                        return element.trim();","                    })","                    .filter(local.echo)","                    .map(function (element) {","                        return element + '\\n';","                    });","            };","            // init swaggerJson","            swaggerJson = {};","/* jslint-ignore-begin */","swaggerJson =","{","    \"basePath\": \"/\",","    \"definitions\": {},","    \"info\": {","        \"title\": \"\",","        \"version\": \"\"","    },","    \"parameters\": {","        \"github-all.key\": {","            \"default\": \"xxxxxxxx\",","            \"in\": \"query\",","            \"name\": \"access_token\",","            \"type\": \"string\",","            \"x-swgg-apiKey\": true,","            \"x-swgg-descriptionLineList\": [","                \"OAuth2 token (sent as a parameter)\\n\",","                \"https://developer.github.com/v3/#authentication\\n\"","            ]","        },","        \"github-all.user-agent\": {","            \"default\": \"Awesome-Octocat-App\",","            \"description\": \"user-agent header\",","            \"in\": \"header\",","            \"name\": \"user-agent\",","            \"required\": true,","            \"type\": \"string\",","            \"x-swgg-descriptionLineList\": [","                \"All API requests MUST include a valid User-Agent header. Requests with no User-Agent header will be rejected. We request that you use your GitHub username, or the name of your application, for the User-Agent header value. This allows us to contact you if there are problems.\\n\",","                \"https://developer.github.com/v3/index.html#user-agent-required\\n\"","            ]","        }","    },","    \"paths\": {},","    \"schemes\": [","        \"https\"","    ],","    \"swagger\": \"2.0\",","    \"tags\": [],","    \"x-swgg-corsForwardProxyHost\": \"disabled\",","    \"x-swgg-operationIdFromPath\": true,","    \"x-swgg-tags0-override\": {}","}",";","/* jslint-ignore-end */","            headerAcceptDict = {","                'application/vnd.github.eye-scream-preview+json': 1,","                'application/vnd.github.valkyrie-preview+json': 1","            };","            operationIdDict = {};","            parametersPathDict = {};","            tagDict = {};","            typeDict = {","                type: 'string',","                url: 'string'","            };","            textAll.replace((","                /\\n<p><strong>Custom media type:<\\/strong> <code>(.*)<\\/code>/g","            ), function (match0, match1) {","                match0 = match1;","                if (match0 === 'jean-grey-preview') {","                    return;","                }","                headerAcceptDict['application/vnd.github.' + match0 + '+json'] = 1;","            });","            textAll.split('\\n</html>\\n').slice(0, -1).forEach(function (text, ii) {","                if (ii === 0) {","                    text.replace(new RegExp(","                        ' data-proofer-ignore><\\\\/a><a href=\"(.*?)\">(.*?)<\\\\/a><\\\\/h3>\\\\n' +","                            '([\\\\S\\\\s]*?)<\\\\/ul>',","                        'g'","                    ), function (tag, pathname, title, match2) {","                        if (title === 'Overview') {","                            return;","                        }","                        tag = 'github-' + pathname.split('/')[2];","                        swaggerJson['x-swgg-tags0-override'][tag] = {","                            externalDocs: { url: 'https://developer.github.com' + pathname },","                            name: tag","                        };","                        tagDict[tag] = tag;","                        match2.replace((/href=\"\\/v3\\/(.*?)\\/\"/g), function (match0, match1) {","                            match0 = 'github-' + match1.replace((/\\//g), '-');","                            tagDict[match0] = tag;","                        });","                    });","                    // bug-workaround - hard-code tagDict.scim","                    tagDict['github-scim'] = 'github-scim';","                    swaggerJson['x-swgg-tags0-override']['github-scim'] = {","                        externalDocs: { url: 'https://developer.github.com/v3/scim/' },","                        name: 'github-scim'","                    };","                    return;","                }","                text = text.trim().replace((/\\s+$/gm), '');","                tmp = (/^tmp\\/(developer.github.com\\/v3\\/(.*?))\\/index.html\\n/).exec(text);","                // init tag","                tmp[2] = 'github-' + tmp[2].replace((/\\//g), '-');","                tag = tagDict[tmp[2]];","                if (!tag) {","                    return;","                }","                // init headerAccept","                headerAccept = null;","                text.replace((","                    /\\n<pre><code> *?(application\\/vnd\\..*?)\\n/g","                ), function (match0, match1) {","                    match0 = (match1 + '+json').replace((/\\+json\\b.*?$/), '+json');","                    headerAcceptDict[match0] = headerAcceptDict[match0] || 0;","                    if (headerAcceptDict[match0]) {","                        headerAcceptDict[match0] += 1;","                        headerAccept = match0;","                    }","                });","                // init title","                title = (/<title>(.*?) \\|/).exec(text)[1];","                // init url","                url = 'https://' + tmp[1] + '/';","                // init tag.description","                if (swaggerJson['x-swgg-tags0-override'][tmp[2]]) {","                    swaggerJson['x-swgg-tags0-override'][tag]","                        .externalDocs['x-swgg-descriptionLineList'] = htmlToDescription({","                            html: title + '.' +","                                (/(\\n<p>[\\S\\s]*?)(?:\\n<h2>|<option )/).exec(text)[1],","                            url: url","                        }).concat([ '[' + url + '](' + url + ')\\n' ]);","                }","                text.split('\\n<h2>\\n').forEach(function (text) {","                    tmp = new RegExp('href=\"(#.*?)\" .*?<\\\\/a>(.*?)<.*?\\\\n' +","                        '([\\\\S\\\\s]*?)<pre><code>([A-Z]+?) +([\\\\w&\\\\-.\\\\/:;=\\\\?]+?)\\\\n').exec(text);","                    if (!tmp) {","                        return;","                    }","                    // init definition","                    definition = { properties: {}, 'x-swgg-tags0': tag };","                    // init operation","                    operation = {","                        parameters: [{","                            \"$ref\": \"#/parameters/github-all.key\"","                        }, {","                            \"$ref\": \"#/parameters/github-all.user-agent\"","                        }, {","                            default: headerAccept || 'application/vnd.github+json',","                            description: 'accept header\\n\\n' +","                                '[https://developer.github.com/v3/media]' +","                                '(https://developer.github.com/v3/media)',","                            in: 'header',","                            name: 'accept',","                            required: !!headerAccept,","                            type: 'string'","                        }],","                        responses: { default: { description: 'default response' } },","                        tags: [tag],","                        'x-swgg-host': 'api.github.com',","                        'x-swgg-tags0': tag","                    };","                    // init description","                    operation['x-swgg-descriptionLineList'] = htmlToDescription({","                        html: title + ' - ' + tmp[2] + '.\\n<p>' +","                            tmp[3] + '\\n<p>' +","                            url + tmp[1],","                        url: url","                    });","                    // init sortValue","                    operation['x-swgg-sortValue'] = operation['x-swgg-descriptionLineList'][0];","                    // init method","                    method = tmp[4].toLowerCase();","                    // init path","                    urlParsed = local.urlParse(tmp[5]);","                    path = urlParsed.pathname","                        .replace((/&gt;|&lt;/g), '')","                        .replace((/:[\\w\\-]+/g), function (name) {","                            name = name.slice(1);","                            tmp = {","                                in: 'path',","                                name: name,","                                required: true,","                                type: 'string'","                            };","                            operation.parameters.push(tmp);","                            parametersPathDict[name] = tmp;","                            return '{' + name + '}';","                        });","                    Object.keys(urlParsed.query).forEach(function (key) {","                        tmp = {","                            default: urlParsed.query[key],","                            in: 'query',","                            name: key,","                            type: 'string'","                        };","                        operation.parameters.push(tmp);","                        parametersPathDict[key] = tmp;","                    });","                    for (tmp = 0; operationIdDict[operation.operationId]; tmp += 1) {","                        operation.operationId = encodeURIComponent(path + (tmp","                            ? '#' + tmp","                            : '') + ' ' + method.toUpperCase())","                            .replace((/[^\\w\\-.]/g), '_');","                    }","                    if (tmp > 1) {","                        path += '#' + tmp;","                    }","                    operationIdDict[operation.operationId] = true;","                    // init definitionName","                    definitionName = tag +","                        '.' + path.slice(1).replace((/\\//g), '-') +","                        '.' + method +","                        '.body';","                    text.split('\\n</table>\\n')[0].replace(new RegExp('<tr>\\\\n' +","                        '<td><code>(.*?)<\\\\/code><\\\\/td>\\\\n' +","                        '<td><code>(.*?)<\\\\/code><\\\\/td>\\\\n' +","                        '<td>(\\n{0,1}.*?)<\\\\/td>\\\\n' +","                        '<\\\\/tr>\\\\n', 'g'), function (schemaP, name, type, description) {","                        type = type.toLowerCase();","                        // init schemaP","                        schemaP = {","                            default: (/ Default: [^.]*<code>(.*?)<\\/code>/).exec(description) ||","                                undefined,","                            in: 'query',","                            name: name,","                            required: description.indexOf('<strong>Required</strong>') > 0,","                            type: typeDict[type] || type,","                            'x-swgg-descriptionLineList': htmlToDescription({","                                html: description,","                                url: url","                            })","                        };","                        if (schemaP.default) {","                            schemaP.default = schemaP.default[1];","                        }","                        if (schemaP.type === 'array') {","                            schemaP.items = { type: 'string' };","                            schemaP.default = [schemaP.default];","                        }","                        if (schemaP.type !== 'string' && typeof schemaP.default === 'string') {","                            schemaP.default = JSON.parse(schemaP.default);","                        }","                        if (parametersPathDict[name]) {","                            local.objectSetDefault(parametersPathDict[name], schemaP);","                            return;","                        }","                        switch (method) {","                        case 'patch':","                        case 'post':","                        case 'put':","                            // init definition","                            definition.properties[name] = {","                                default: schemaP.default,","                                items: schemaP.items,","                                type: schemaP.type,","                                'x-swgg-descriptionLineList': schemaP['x-swgg-descriptionLineList']","                            };","                            if (schemaP.required) {","                                definition.required = definition.required || [];","                                definition.required.push(name);","                            }","                            break;","                        default:","                            operation.parameters.push(schemaP);","                        }","                    });","                    // init definition.default","                    text.replace((","                        /<\\/span><\\/a>Example Input<\\/h3>\\n([\\S\\s]+?\\n<\\/span><\\/code><\\/pre>\\n)/","                    ), function (defaultDict, match1) {","                        defaultDict = JSON.parse(match1.replace((/<.*?>/g), ''));","                        Object.keys(defaultDict).forEach(function (key) {","                            if (definition.properties[key]) {","                                definition.properties[key].default = defaultDict[key];","                            }","                        });","                    });","                    // update swaggerJson with definition","                    switch (method) {","                    case 'patch':","                    case 'post':","                    case 'put':","                        tmp = {","                            in: 'body',","                            name: 'body',","                            required: true,","                            schema: { type: 'string' }","                        };","                        if (Object.keys(definition.properties).length) {","                            swaggerJson.definitions[definitionName] = definition;","                            tmp.schema = { $ref: '#/definitions/' + definitionName };","                            operation.parameters.push(tmp);","                        }","                        break;","                    }","                    // update swaggerJson with operation","                    swaggerJson.paths[path] = swaggerJson.paths[path] || {};","                    swaggerJson.paths[path][method] = operation;","                });","            });","            // fix validation - semanticUniquePath","            pathDict = {};","            Object.keys(swaggerJson.paths).forEach(function (path) {","                tmp = path.replace((/\\{.*?\\}/g), '{}');","                pathDict[tmp] = pathDict[tmp] || {};","                pathDict[tmp][path] = true;","            });","            Object.keys(pathDict).forEach(function (key) {","                tmp = Object.keys(pathDict[key]).sort();","                if (tmp.length === 1) {","                    return;","                }","                tmp.forEach(function (path, ii) {","                    swaggerJson.paths[path + '#' + ii] = swaggerJson.paths[path];","                    delete swaggerJson.paths[path];","                });","            });","            // init tags","            swaggerJson.tags = Object.keys(swaggerJson['x-swgg-tags0-override'])","                .map(function (key) {","                    return swaggerJson['x-swgg-tags0-override'][key];","                })","                .sort(function (aa, bb) {","                    return aa.name < bb.name","                        ? -1","                        : 1;","                })","                .map(function (element) {","                    return {","                        name: element.name,","                        'x-swgg-descriptionLineList':","                            element.externalDocs['x-swgg-descriptionLineList']","                    };","                });","            // validate headerAcceptDict","            console.error(Object.keys(headerAcceptDict).sort().filter(function (key) {","                return headerAcceptDict[key] < 2;","            }));","            // save swaggerJson","            local.fs.writeFileSync(","                'assets.swgg.swagger.json',","                local.jsonStringifyOrdered(swaggerJson, null, 4)","            );","            local.buildReadme({}, onError);","        };","    }());","}());",""],"l":{"12":2,"14":2,"19":2,"21":2,"23":2,"24":2,"25":2,"30":1,"37":2,"41":2,"44":2,"50":2,"51":2,"55":3,"75":3,"76":3,"77":1,"78":1,"80":2,"84":1656,"106":4394,"110":3368,"114":2,"116":2,"161":2,"165":2,"166":2,"167":2,"168":2,"172":2,"175":40,"176":40,"177":2,"179":38,"181":2,"182":206,"183":2,"188":32,"189":2,"191":30,"192":30,"196":30,"197":30,"198":154,"199":154,"203":2,"204":2,"208":2,"210":204,"211":204,"213":204,"214":204,"215":204,"216":18,"219":186,"220":186,"223":218,"224":218,"225":218,"226":160,"227":160,"231":186,"233":186,"235":186,"236":32,"243":186,"244":1324,"246":1324,"247":380,"250":944,"252":944,"273":944,"280":944,"282":944,"284":944,"285":944,"288":1684,"289":1684,"295":1684,"296":1684,"297":1684,"299":944,"300":6,"306":6,"307":6,"309":944,"310":958,"315":944,"316":16,"318":944,"320":944,"324":944,"329":680,"331":680,"343":680,"344":66,"346":680,"347":20,"348":20,"350":680,"351":34,"353":680,"354":114,"355":114,"357":566,"362":404,"368":404,"369":126,"370":126,"372":404,"374":162,"378":944,"381":12,"382":12,"383":44,"384":24,"389":944,"393":296,"399":296,"400":174,"401":174,"402":174,"404":296,"407":944,"408":944,"412":2,"413":2,"414":610,"415":610,"416":610,"418":2,"419":604,"420":604,"421":598,"423":6,"424":12,"425":12,"429":2,"431":32,"434":92,"439":32,"446":2,"447":54,"450":2,"454":2}},"/home/travis/build/kaizhu256/node-swgg-github-all/lib.swgg_github_all.js":{"path":"/home/travis/build/kaizhu256/node-swgg-github-all/lib.swgg_github_all.js","s":{"1":2,"2":2,"3":2,"4":2,"5":2,"6":2,"7":2,"8":1,"9":2,"10":2,"11":2,"12":2,"13":2,"14":2,"15":1,"16":1,"17":83,"18":1,"19":1,"20":1,"21":2},"b":{"1":[2,1,1,1],"2":[1,1,1,1],"3":[1,1],"4":[2,2],"5":[2,0],"6":[2,2,0],"7":[1,1],"8":[1,82],"9":[83,51]},"f":{"1":2,"2":2,"3":2,"4":83},"fnMap":{"1":{"name":"(anonymous_1)","line":12,"loc":{"start":{"line":12,"column":1},"end":{"line":12,"column":13}}},"2":{"name":"(anonymous_2)","line":19,"loc":{"start":{"line":19,"column":5},"end":{"line":19,"column":17}}},"3":{"name":"(anonymous_3)","line":23,"loc":{"start":{"line":23,"column":24},"end":{"line":23,"column":36}}},"4":{"name":"(anonymous_4)","line":54,"loc":{"start":{"line":54,"column":60},"end":{"line":54,"column":75}}}},"statementMap":{"1":{"start":{"line":12,"column":0},"end":{"line":65,"column":5}},"2":{"start":{"line":14,"column":4},"end":{"line":14,"column":14}},"3":{"start":{"line":19,"column":4},"end":{"line":64,"column":9}},"4":{"start":{"line":21,"column":8},"end":{"line":21,"column":19}},"5":{"start":{"line":23,"column":8},"end":{"line":35,"column":13}},"6":{"start":{"line":24,"column":12},"end":{"line":34,"column":13}},"7":{"start":{"line":25,"column":16},"end":{"line":28,"column":30}},"8":{"start":{"line":30,"column":16},"end":{"line":33,"column":27}},"9":{"start":{"line":37,"column":8},"end":{"line":39,"column":21}},"10":{"start":{"line":41,"column":8},"end":{"line":41,"column":54}},"11":{"start":{"line":43,"column":8},"end":{"line":48,"column":9},"skip":true},"12":{"start":{"line":44,"column":12},"end":{"line":46,"column":55},"skip":true},"13":{"start":{"line":47,"column":12},"end":{"line":47,"column":28},"skip":true},"14":{"start":{"line":50,"column":8},"end":{"line":61,"column":9}},"15":{"start":{"line":51,"column":12},"end":{"line":51,"column":58}},"16":{"start":{"line":54,"column":12},"end":{"line":58,"column":15}},"17":{"start":{"line":55,"column":16},"end":{"line":57,"column":17}},"18":{"start":{"line":56,"column":20},"end":{"line":56,"column":46}},"19":{"start":{"line":59,"column":12},"end":{"line":59,"column":35}},"20":{"start":{"line":60,"column":12},"end":{"line":60,"column":49}},"21":{"start":{"line":63,"column":8},"end":{"line":63,"column":52}}},"branchMap":{"1":{"line":25,"type":"binary-expr","locations":[{"start":{"line":25,"column":23},"end":{"line":25,"column":62}},{"start":{"line":26,"column":20},"end":{"line":26,"column":70}},{"start":{"line":27,"column":20},"end":{"line":27,"column":71}},{"start":{"line":28,"column":20},"end":{"line":28,"column":29}}]},"2":{"line":30,"type":"binary-expr","locations":[{"start":{"line":30,"column":23},"end":{"line":30,"column":37}},{"start":{"line":31,"column":20},"end":{"line":31,"column":61}},{"start":{"line":32,"column":20},"end":{"line":32,"column":70}},{"start":{"line":33,"column":20},"end":{"line":33,"column":26}}]},"3":{"line":37,"type":"cond-expr","locations":[{"start":{"line":38,"column":14},"end":{"line":38,"column":20}},{"start":{"line":39,"column":14},"end":{"line":39,"column":20}}]},"4":{"line":41,"type":"binary-expr","locations":[{"start":{"line":41,"column":16},"end":{"line":41,"column":44}},{"start":{"line":41,"column":48},"end":{"line":41,"column":53}}]},"5":{"line":43,"type":"if","locations":[{"start":{"line":43,"column":8},"end":{"line":43,"column":8},"skip":true},{"start":{"line":43,"column":8},"end":{"line":43,"column":8},"skip":true}]},"6":{"line":44,"type":"binary-expr","locations":[{"start":{"line":44,"column":20},"end":{"line":44,"column":48},"skip":true},{"start":{"line":45,"column":16},"end":{"line":45,"column":48},"skip":true},{"start":{"line":46,"column":16},"end":{"line":46,"column":54},"skip":true}]},"7":{"line":50,"type":"if","locations":[{"start":{"line":50,"column":8},"end":{"line":50,"column":8}},{"start":{"line":50,"column":8},"end":{"line":50,"column":8}}]},"8":{"line":55,"type":"if","locations":[{"start":{"line":55,"column":16},"end":{"line":55,"column":16}},{"start":{"line":55,"column":16},"end":{"line":55,"column":16}}]},"9":{"line":55,"type":"binary-expr","locations":[{"start":{"line":55,"column":20},"end":{"line":55,"column":31}},{"start":{"line":55,"column":35},"end":{"line":55,"column":61}}]}},"code":["/* istanbul instrument in package swgg_github_all */","/*jslint","    bitwise: true,","    browser: true,","    maxerr: 8,","    maxlen: 100,","    node: true,","    nomen: true,","    regexp: true,","    stupid: true","*/","(function () {","    'use strict';","    var local;","","","","    // run shared js-env code - init-before","    (function () {","        // init local","        local = {};","        // init modeJs","        local.modeJs = (function () {","            try {","                return typeof navigator.userAgent === 'string' &&","                    typeof document.querySelector('body') === 'object' &&","                    typeof XMLHttpRequest.prototype.open === 'function' &&","                    'browser';","            } catch (errorCaughtBrowser) {","                return module.exports &&","                    typeof process.versions.node === 'string' &&","                    typeof require('http').createServer === 'function' &&","                    'node';","            }","        }());","        // init global","        local.global = local.modeJs === 'browser'","            ? window","            : global;","        // init utility2_rollup","        local = local.global.utility2_rollup || local;","        /* istanbul ignore next */","        if (local) {","            local = local.global.utility2_rollup ||","                local.global.utility2_rollup_old ||","                require('./assets.utility2.rollup.js');","            local.fs = null;","        }","        // init exports","        if (local.modeJs === 'browser') {","            local.global.utility2_swgg_github_all = local;","        } else {","            // require builtins","            Object.keys(process.binding('natives')).forEach(function (key) {","                if (!local[key] && !(/\\/|^_|^sys$/).test(key)) {","                    local[key] = require(key);","                }","            });","            module.exports = local;","            module.exports.__dirname = __dirname;","        }","        // init lib","        local.local = local.swgg_github_all = local;","    }());","}());",""],"l":{"12":2,"14":2,"19":2,"21":2,"23":2,"24":2,"25":2,"30":1,"37":2,"41":2,"43":2,"44":2,"47":2,"50":2,"51":1,"54":1,"55":83,"56":1,"59":1,"60":1,"63":2}},"/home/travis/build/kaizhu256/node-swgg-github-all/example.js":{"path":"/home/travis/build/kaizhu256/node-swgg-github-all/example.js","s":{"1":2,"2":2,"3":2,"4":2,"5":2,"6":2,"7":2,"8":1,"9":2,"10":2,"11":2,"12":2,"13":2,"14":1,"15":1,"16":1,"17":83,"18":0,"19":1,"20":1,"21":4,"22":4,"23":4,"24":1,"25":1,"26":0,"27":0,"28":0,"29":0,"30":0,"31":0,"32":0,"33":1,"34":1,"35":0,"36":0,"37":0,"38":0,"39":0,"40":0,"41":0,"42":0,"43":0,"44":0,"45":0,"46":0,"47":0,"48":0,"49":0,"50":0,"51":0},"b":{"1":[2,1,1,1],"2":[1,1,1,1],"3":[1,1],"4":[2,2],"5":[1,1],"6":[1,1],"7":[0,83],"8":[83,50],"9":[1,0],"10":[4,1],"11":[1,3],"12":[0,0,0,0,0],"13":[1,0],"14":[1,0],"15":[0,0],"16":[0,0],"17":[0,0],"18":[0,0],"19":[0,0],"20":[0,0],"21":[0,0]},"f":{"1":2,"2":2,"3":2,"4":83,"5":4,"6":0,"7":0},"fnMap":{"1":{"name":"(anonymous_1)","line":130,"loc":{"start":{"line":130,"column":1},"end":{"line":130,"column":13}}},"2":{"name":"(anonymous_2)","line":137,"loc":{"start":{"line":137,"column":5},"end":{"line":137,"column":17}}},"3":{"name":"(anonymous_3)","line":141,"loc":{"start":{"line":141,"column":24},"end":{"line":141,"column":36}}},"4":{"name":"(anonymous_4)","line":184,"loc":{"start":{"line":184,"column":56},"end":{"line":184,"column":71}},"skip":true},"5":{"name":"(anonymous_5)","line":196,"loc":{"start":{"line":196,"column":18},"end":{"line":196,"column":34}},"skip":true},"6":{"name":"(anonymous_6)","line":209,"loc":{"start":{"line":209,"column":47},"end":{"line":209,"column":73}},"skip":true},"7":{"name":"(anonymous_7)","line":253,"loc":{"start":{"line":253,"column":32},"end":{"line":253,"column":61}},"skip":true}},"statementMap":{"1":{"start":{"line":130,"column":0},"end":{"line":264,"column":5}},"2":{"start":{"line":132,"column":4},"end":{"line":132,"column":14}},"3":{"start":{"line":137,"column":4},"end":{"line":166,"column":9}},"4":{"start":{"line":139,"column":8},"end":{"line":139,"column":19}},"5":{"start":{"line":141,"column":8},"end":{"line":153,"column":13}},"6":{"start":{"line":142,"column":12},"end":{"line":152,"column":13}},"7":{"start":{"line":143,"column":16},"end":{"line":146,"column":30}},"8":{"start":{"line":148,"column":16},"end":{"line":151,"column":27}},"9":{"start":{"line":155,"column":8},"end":{"line":157,"column":21}},"10":{"start":{"line":159,"column":8},"end":{"line":161,"column":45}},"11":{"start":{"line":163,"column":8},"end":{"line":163,"column":35}},"12":{"start":{"line":165,"column":8},"end":{"line":165,"column":96}},"13":{"start":{"line":167,"column":4},"end":{"line":263,"column":5}},"14":{"start":{"line":174,"column":8},"end":{"line":174,"column":14},"skip":true},"15":{"start":{"line":182,"column":8},"end":{"line":182,"column":31},"skip":true},"16":{"start":{"line":184,"column":8},"end":{"line":188,"column":11},"skip":true},"17":{"start":{"line":185,"column":12},"end":{"line":187,"column":13},"skip":true},"18":{"start":{"line":186,"column":16},"end":{"line":186,"column":42},"skip":true},"19":{"start":{"line":190,"column":8},"end":{"line":190,"column":50},"skip":true},"20":{"start":{"line":191,"column":8},"end":{"line":205,"column":11},"skip":true},"21":{"start":{"line":197,"column":12},"end":{"line":197,"column":30},"skip":true},"22":{"start":{"line":198,"column":12},"end":{"line":198,"column":66},"skip":true},"23":{"start":{"line":199,"column":12},"end":{"line":204,"column":13},"skip":true},"24":{"start":{"line":200,"column":16},"end":{"line":203,"column":18},"skip":true},"25":{"start":{"line":206,"column":8},"end":{"line":224,"column":15},"skip":true},"26":{"start":{"line":211,"column":16},"end":{"line":211,"column":31},"skip":true},"27":{"start":{"line":212,"column":16},"end":{"line":223,"column":17},"skip":true},"28":{"start":{"line":214,"column":20},"end":{"line":214,"column":60},"skip":true},"29":{"start":{"line":216,"column":20},"end":{"line":216,"column":45},"skip":true},"30":{"start":{"line":218,"column":20},"end":{"line":218,"column":45},"skip":true},"31":{"start":{"line":220,"column":20},"end":{"line":220,"column":35},"skip":true},"32":{"start":{"line":222,"column":20},"end":{"line":222,"column":34},"skip":true},"33":{"start":{"line":226,"column":8},"end":{"line":228,"column":9},"skip":true},"34":{"start":{"line":227,"column":12},"end":{"line":227,"column":18},"skip":true},"35":{"start":{"line":229,"column":8},"end":{"line":231,"column":54},"skip":true},"36":{"start":{"line":234,"column":8},"end":{"line":239,"column":37},"skip":true},"37":{"start":{"line":241,"column":8},"end":{"line":241,"column":82},"skip":true},"38":{"start":{"line":244,"column":8},"end":{"line":246,"column":9},"skip":true},"39":{"start":{"line":245,"column":12},"end":{"line":245,"column":82},"skip":true},"40":{"start":{"line":248,"column":8},"end":{"line":250,"column":9},"skip":true},"41":{"start":{"line":249,"column":12},"end":{"line":249,"column":18},"skip":true},"42":{"start":{"line":251,"column":8},"end":{"line":251,"column":54},"skip":true},"43":{"start":{"line":252,"column":8},"end":{"line":252,"column":69},"skip":true},"44":{"start":{"line":253,"column":8},"end":{"line":261,"column":36},"skip":true},"45":{"start":{"line":254,"column":12},"end":{"line":254,"column":61},"skip":true},"46":{"start":{"line":255,"column":12},"end":{"line":258,"column":13},"skip":true},"47":{"start":{"line":256,"column":16},"end":{"line":256,"column":75},"skip":true},"48":{"start":{"line":257,"column":16},"end":{"line":257,"column":23},"skip":true},"49":{"start":{"line":259,"column":12},"end":{"line":259,"column":38},"skip":true},"50":{"start":{"line":260,"column":12},"end":{"line":260,"column":27},"skip":true},"51":{"start":{"line":262,"column":8},"end":{"line":262,"column":14},"skip":true}},"branchMap":{"1":{"line":143,"type":"binary-expr","locations":[{"start":{"line":143,"column":23},"end":{"line":143,"column":62}},{"start":{"line":144,"column":20},"end":{"line":144,"column":70}},{"start":{"line":145,"column":20},"end":{"line":145,"column":71}},{"start":{"line":146,"column":20},"end":{"line":146,"column":29}}]},"2":{"line":148,"type":"binary-expr","locations":[{"start":{"line":148,"column":23},"end":{"line":148,"column":37}},{"start":{"line":149,"column":20},"end":{"line":149,"column":61}},{"start":{"line":150,"column":20},"end":{"line":150,"column":70}},{"start":{"line":151,"column":20},"end":{"line":151,"column":26}}]},"3":{"line":155,"type":"cond-expr","locations":[{"start":{"line":156,"column":14},"end":{"line":156,"column":20}},{"start":{"line":157,"column":14},"end":{"line":157,"column":20}}]},"4":{"line":159,"type":"binary-expr","locations":[{"start":{"line":159,"column":16},"end":{"line":159,"column":44}},{"start":{"line":159,"column":49},"end":{"line":161,"column":43}}]},"5":{"line":159,"type":"cond-expr","locations":[{"start":{"line":160,"column":14},"end":{"line":160,"column":51}},{"start":{"line":161,"column":14},"end":{"line":161,"column":43}}]},"6":{"line":167,"type":"switch","locations":[{"start":{"line":173,"column":4},"end":{"line":174,"column":14},"skip":true},{"start":{"line":180,"column":4},"end":{"line":262,"column":14},"skip":true}]},"7":{"line":185,"type":"if","locations":[{"start":{"line":185,"column":12},"end":{"line":185,"column":12},"skip":true},{"start":{"line":185,"column":12},"end":{"line":185,"column":12},"skip":true}]},"8":{"line":185,"type":"binary-expr","locations":[{"start":{"line":185,"column":16},"end":{"line":185,"column":27},"skip":true},{"start":{"line":185,"column":31},"end":{"line":185,"column":57},"skip":true}]},"9":{"line":190,"type":"binary-expr","locations":[{"start":{"line":190,"column":27},"end":{"line":190,"column":43},"skip":true},{"start":{"line":190,"column":47},"end":{"line":190,"column":49},"skip":true}]},"10":{"line":198,"type":"binary-expr","locations":[{"start":{"line":198,"column":37},"end":{"line":198,"column":59},"skip":true},{"start":{"line":198,"column":63},"end":{"line":198,"column":65},"skip":true}]},"11":{"line":199,"type":"if","locations":[{"start":{"line":199,"column":12},"end":{"line":199,"column":12},"skip":true},{"start":{"line":199,"column":12},"end":{"line":199,"column":12},"skip":true}]},"12":{"line":212,"type":"switch","locations":[{"start":{"line":213,"column":16},"end":{"line":214,"column":60},"skip":true},{"start":{"line":215,"column":16},"end":{"line":216,"column":45},"skip":true},{"start":{"line":217,"column":16},"end":{"line":218,"column":45},"skip":true},{"start":{"line":219,"column":16},"end":{"line":220,"column":35},"skip":true},{"start":{"line":221,"column":16},"end":{"line":222,"column":34},"skip":true}]},"13":{"line":226,"type":"if","locations":[{"start":{"line":226,"column":8},"end":{"line":226,"column":8},"skip":true},{"start":{"line":226,"column":8},"end":{"line":226,"column":8},"skip":true}]},"14":{"line":226,"type":"binary-expr","locations":[{"start":{"line":226,"column":12},"end":{"line":226,"column":35},"skip":true},{"start":{"line":226,"column":39},"end":{"line":226,"column":67},"skip":true}]},"15":{"line":230,"type":"binary-expr","locations":[{"start":{"line":230,"column":12},"end":{"line":230,"column":50},"skip":true},{"start":{"line":231,"column":12},"end":{"line":231,"column":53},"skip":true}]},"16":{"line":235,"type":"binary-expr","locations":[{"start":{"line":235,"column":12},"end":{"line":235,"column":58},"skip":true},{"start":{"line":236,"column":12},"end":{"line":239,"column":36},"skip":true}]},"17":{"line":241,"type":"binary-expr","locations":[{"start":{"line":241,"column":43},"end":{"line":241,"column":75},"skip":true},{"start":{"line":241,"column":79},"end":{"line":241,"column":81},"skip":true}]},"18":{"line":244,"type":"if","locations":[{"start":{"line":244,"column":8},"end":{"line":244,"column":8},"skip":true},{"start":{"line":244,"column":8},"end":{"line":244,"column":8},"skip":true}]},"19":{"line":248,"type":"if","locations":[{"start":{"line":248,"column":8},"end":{"line":248,"column":8},"skip":true},{"start":{"line":248,"column":8},"end":{"line":248,"column":8},"skip":true}]},"20":{"line":251,"type":"binary-expr","locations":[{"start":{"line":251,"column":27},"end":{"line":251,"column":43},"skip":true},{"start":{"line":251,"column":47},"end":{"line":251,"column":53},"skip":true}]},"21":{"line":255,"type":"if","locations":[{"start":{"line":255,"column":12},"end":{"line":255,"column":12},"skip":true},{"start":{"line":255,"column":12},"end":{"line":255,"column":12},"skip":true}]}},"code":["","","","","","","","","","","","","","","","","","","","","","","","","","","","","","","","","","","","","","","","","","","","","","","","","","","","","","","","","","","","","","","","","","","","","","","","","","","","","","","","","","","","","","","","","","","","","","","","","","","","","","","","/*","example.js","","this script will run a web-demo of swgg-github-all","","instruction","    1. save this script as example.js","    2. run the shell command:","        $ npm install swgg-github-all && PORT=8081 node example.js","    3. open a browser to http://127.0.0.1:8081 and play with the web-demo","    4. edit this script to suit your needs","*/","","","","/* istanbul instrument in package swgg_github_all */","/*jslint","    bitwise: true,","    browser: true,","    maxerr: 8,","    maxlen: 100,","    node: true,","    nomen: true,","    regexp: true,","    stupid: true","*/","(function () {","    'use strict';","    var local;","","","","    // run shared js-env code - init-before","    (function () {","        // init local","        local = {};","        // init modeJs","        local.modeJs = (function () {","            try {","                return typeof navigator.userAgent === 'string' &&","                    typeof document.querySelector('body') === 'object' &&","                    typeof XMLHttpRequest.prototype.open === 'function' &&","                    'browser';","            } catch (errorCaughtBrowser) {","                return module.exports &&","                    typeof process.versions.node === 'string' &&","                    typeof require('http').createServer === 'function' &&","                    'node';","            }","        }());","        // init global","        local.global = local.modeJs === 'browser'","            ? window","            : global;","        // init utility2_rollup","        local = local.global.utility2_rollup || (local.modeJs === 'browser'","            ? local.global.utility2_swgg_github_all","            : global.utility2_moduleExports);","        // init exports","        local.global.local = local;","        // init assets","        local.assetsDict['/assets.index.template.html'] = local.assetsDict['/assets.swgg.html'];","    }());","    switch (local.modeJs) {","","","","    // run browser js-env code - init-test","    /* istanbul ignore next */","    case 'browser':","        break;","","","","    // run node js-env code - init-test","    /* istanbul ignore next */","    case 'node':","        // init exports","        module.exports = local;","        // require builtins","        Object.keys(process.binding('natives')).forEach(function (key) {","            if (!local[key] && !(/\\/|^_|^sys$/).test(key)) {","                local[key] = require(key);","            }","        });","        // init assets","        local.assetsDict = local.assetsDict || {};","        [","            'assets.index.css',","            'assets.index.template.html',","            'assets.swgg.swagger.json',","            'assets.swgg.swagger.server.json'","        ].forEach(function (file) {","            file = '/' + file;","            local.assetsDict[file] = local.assetsDict[file] || '';","            if (local.fs.existsSync(local.__dirname + file)) {","                local.assetsDict[file] = local.fs.readFileSync(","                    local.__dirname + file,","                    'utf8'","                );","            }","        });","        local.assetsDict['/'] =","            local.assetsDict['/assets.example.html'] =","            local.assetsDict['/assets.index.template.html']","            .replace((/\\{\\{env\\.(\\w+?)\\}\\}/g), function (match0, match1) {","                // jslint-hack","                String(match0);","                switch (match1) {","                case 'npm_package_description':","                    return 'the greatest app in the world!';","                case 'npm_package_name':","                    return 'swgg-github-all';","                case 'npm_package_nameLib':","                    return 'swgg_github_all';","                case 'npm_package_version':","                    return '0.0.1';","                default:","                    return match0;","                }","            });","        // init cli","        if (module !== require.main || local.global.utility2_rollup) {","            break;","        }","        local.assetsDict['/assets.example.js'] =","            local.assetsDict['/assets.example.js'] ||","            local.fs.readFileSync(__filename, 'utf8');","        // bug-workaround - long $npm_package_buildCustomOrg","        /* jslint-ignore-begin */","        local.assetsDict['/assets.swgg_github_all.js'] =","            local.assetsDict['/assets.swgg_github_all.js'] ||","            local.fs.readFileSync(","                local.__dirname + '/lib.swgg_github_all.js',","                'utf8'","            ).replace((/^#!/), '//');","        /* jslint-ignore-end */","        local.assetsDict['/favicon.ico'] = local.assetsDict['/favicon.ico'] || '';","        // if $npm_config_timeout_exit exists,","        // then exit this process after $npm_config_timeout_exit ms","        if (Number(process.env.npm_config_timeout_exit)) {","            setTimeout(process.exit, Number(process.env.npm_config_timeout_exit));","        }","        // start server","        if (local.global.utility2_serverHttp1) {","            break;","        }","        process.env.PORT = process.env.PORT || '8081';","        console.error('server starting on port ' + process.env.PORT);","        local.http.createServer(function (request, response) {","            request.urlParsed = local.url.parse(request.url);","            if (local.assetsDict[request.urlParsed.pathname] !== undefined) {","                response.end(local.assetsDict[request.urlParsed.pathname]);","                return;","            }","            response.statusCode = 404;","            response.end();","        }).listen(process.env.PORT);","        break;","    }","}());"],"l":{"130":2,"132":2,"137":2,"139":2,"141":2,"142":2,"143":2,"148":1,"155":2,"159":2,"163":2,"165":2,"167":2,"174":1,"182":1,"184":1,"185":83,"186":1,"190":1,"191":1,"197":4,"198":4,"199":4,"200":1,"206":1,"211":1,"212":1,"214":1,"216":1,"218":1,"220":1,"222":1,"226":1,"227":1,"229":1,"234":1,"241":1,"244":1,"245":1,"248":1,"249":1,"251":1,"252":1,"253":1,"254":1,"255":1,"256":1,"257":1,"259":1,"260":1,"262":1}}}